mode: set
github.com/ShvetsovYura/metrics-collector/internal/agent/agent.go:42.58,47.2 1 0
github.com/ShvetsovYura/metrics-collector/internal/agent/agent.go:50.42,59.2 6 0
github.com/ShvetsovYura/metrics-collector/internal/agent/agent.go:61.76,66.6 3 0
github.com/ShvetsovYura/metrics-collector/internal/agent/agent.go:66.6,67.10 1 0
github.com/ShvetsovYura/metrics-collector/internal/agent/agent.go:68.21,71.10 2 0
github.com/ShvetsovYura/metrics-collector/internal/agent/agent.go:72.26,83.13 7 0
github.com/ShvetsovYura/metrics-collector/internal/agent/agent.go:88.73,95.6 4 0
github.com/ShvetsovYura/metrics-collector/internal/agent/agent.go:95.6,96.10 1 0
github.com/ShvetsovYura/metrics-collector/internal/agent/agent.go:97.21,101.10 3 0
github.com/ShvetsovYura/metrics-collector/internal/agent/agent.go:102.23,106.32 3 0
github.com/ShvetsovYura/metrics-collector/internal/agent/agent.go:106.32,108.5 1 0
github.com/ShvetsovYura/metrics-collector/internal/agent/agent.go:109.4,113.32 3 0
github.com/ShvetsovYura/metrics-collector/internal/agent/agent.go:113.32,115.5 1 0
github.com/ShvetsovYura/metrics-collector/internal/agent/agent.go:115.10,117.5 1 0
github.com/ShvetsovYura/metrics-collector/internal/agent/agent.go:119.4,119.33 1 0
github.com/ShvetsovYura/metrics-collector/internal/agent/agent.go:119.33,121.5 1 0
github.com/ShvetsovYura/metrics-collector/internal/agent/agent.go:122.4,122.31 1 0
github.com/ShvetsovYura/metrics-collector/internal/agent/agent.go:127.55,128.23 1 0
github.com/ShvetsovYura/metrics-collector/internal/agent/agent.go:128.23,133.31 3 0
github.com/ShvetsovYura/metrics-collector/internal/agent/agent.go:133.31,143.4 1 0
github.com/ShvetsovYura/metrics-collector/internal/agent/agent.go:145.3,145.33 1 0
github.com/ShvetsovYura/metrics-collector/internal/agent/agent.go:145.33,151.4 1 0
github.com/ShvetsovYura/metrics-collector/internal/agent/agent.go:153.3,154.17 2 0
github.com/ShvetsovYura/metrics-collector/internal/agent/agent.go:154.17,156.4 1 0
github.com/ShvetsovYura/metrics-collector/internal/agent/agent.go:160.81,164.27 3 1
github.com/ShvetsovYura/metrics-collector/internal/agent/agent.go:164.27,166.3 1 1
github.com/ShvetsovYura/metrics-collector/internal/agent/agent.go:168.2,169.46 2 1
github.com/ShvetsovYura/metrics-collector/internal/agent/agent.go:169.46,171.3 1 0
github.com/ShvetsovYura/metrics-collector/internal/agent/agent.go:173.2,178.15 2 1
github.com/ShvetsovYura/metrics-collector/internal/agent/agent.go:181.63,183.2 1 1
github.com/ShvetsovYura/metrics-collector/internal/agent/agent.go:185.59,188.12 2 1
github.com/ShvetsovYura/metrics-collector/internal/agent/agent.go:188.12,222.3 31 1
github.com/ShvetsovYura/metrics-collector/internal/agent/agent.go:224.2,224.14 1 1
github.com/ShvetsovYura/metrics-collector/internal/agent/agent.go:227.69,230.12 2 1
github.com/ShvetsovYura/metrics-collector/internal/agent/agent.go:230.12,238.37 6 1
github.com/ShvetsovYura/metrics-collector/internal/agent/agent.go:238.37,240.4 1 1
github.com/ShvetsovYura/metrics-collector/internal/agent/agent.go:243.2,243.14 1 1
github.com/ShvetsovYura/metrics-collector/internal/agent/agent.go:246.90,250.30 3 0
github.com/ShvetsovYura/metrics-collector/internal/agent/agent.go:250.30,255.13 3 0
github.com/ShvetsovYura/metrics-collector/internal/agent/agent.go:255.13,258.32 2 0
github.com/ShvetsovYura/metrics-collector/internal/agent/agent.go:258.32,259.12 1 0
github.com/ShvetsovYura/metrics-collector/internal/agent/agent.go:260.23,261.12 1 0
github.com/ShvetsovYura/metrics-collector/internal/agent/agent.go:262.27,262.27 0 0
github.com/ShvetsovYura/metrics-collector/internal/agent/agent.go:268.2,268.12 1 0
github.com/ShvetsovYura/metrics-collector/internal/agent/agent.go:268.12,271.3 2 0
github.com/ShvetsovYura/metrics-collector/internal/agent/agent.go:273.2,273.17 1 0
github.com/ShvetsovYura/metrics-collector/internal/agent/options.go:27.31,34.2 6 0
github.com/ShvetsovYura/metrics-collector/internal/agent/options.go:37.37,38.37 1 0
github.com/ShvetsovYura/metrics-collector/internal/agent/options.go:38.37,40.3 1 0
github.com/ShvetsovYura/metrics-collector/internal/agent/options.go:42.2,42.12 1 0
github.com/ShvetsovYura/metrics-collector/internal/agent/utils.go:13.81,17.16 3 0
github.com/ShvetsovYura/metrics-collector/internal/agent/utils.go:17.16,19.3 1 0
github.com/ShvetsovYura/metrics-collector/internal/agent/utils.go:21.2,23.75 2 0
github.com/ShvetsovYura/metrics-collector/internal/agent/utils.go:23.75,30.22 5 0
github.com/ShvetsovYura/metrics-collector/internal/agent/utils.go:30.22,32.4 1 0
github.com/ShvetsovYura/metrics-collector/internal/agent/utils.go:34.3,35.17 2 0
github.com/ShvetsovYura/metrics-collector/internal/agent/utils.go:35.17,37.4 1 0
github.com/ShvetsovYura/metrics-collector/internal/agent/utils.go:38.8,42.22 3 0
github.com/ShvetsovYura/metrics-collector/internal/agent/utils.go:42.22,44.4 1 0
github.com/ShvetsovYura/metrics-collector/internal/agent/utils.go:47.2,47.15 1 0
github.com/ShvetsovYura/metrics-collector/internal/agent/utils.go:47.15,50.3 2 0
github.com/ShvetsovYura/metrics-collector/internal/agent/utils.go:52.2,55.16 3 0
github.com/ShvetsovYura/metrics-collector/internal/agent/utils.go:55.16,57.3 1 0
github.com/ShvetsovYura/metrics-collector/internal/agent/utils.go:59.2,59.15 1 0
github.com/ShvetsovYura/metrics-collector/internal/agent/utils.go:59.15,61.17 2 0
github.com/ShvetsovYura/metrics-collector/internal/agent/utils.go:61.17,63.4 1 0
github.com/ShvetsovYura/metrics-collector/internal/agent/utils.go:66.2,66.12 1 0
github.com/ShvetsovYura/metrics-collector/internal/logger/http_logger.go:14.22,23.2 1 0
github.com/ShvetsovYura/metrics-collector/internal/logger/logger.go:13.37,15.16 2 0
github.com/ShvetsovYura/metrics-collector/internal/logger/logger.go:15.16,17.3 1 0
github.com/ShvetsovYura/metrics-collector/internal/logger/logger.go:19.2,23.16 4 0
github.com/ShvetsovYura/metrics-collector/internal/logger/logger.go:23.16,25.3 1 0
github.com/ShvetsovYura/metrics-collector/internal/logger/logger.go:27.2,29.12 2 0
github.com/ShvetsovYura/metrics-collector/internal/util/util.go:9.42,10.24 1 0
github.com/ShvetsovYura/metrics-collector/internal/util/util.go:10.24,11.15 1 0
github.com/ShvetsovYura/metrics-collector/internal/util/util.go:11.15,13.4 1 0
github.com/ShvetsovYura/metrics-collector/internal/util/util.go:16.2,16.14 1 0
github.com/ShvetsovYura/metrics-collector/internal/util/util.go:22.42,28.2 4 0
github.com/ShvetsovYura/metrics-collector/internal/handlers/handlers.go:21.60,22.54 1 1
github.com/ShvetsovYura/metrics-collector/internal/handlers/handlers.go:22.54,28.16 5 1
github.com/ShvetsovYura/metrics-collector/internal/handlers/handlers.go:29.29,31.18 2 1
github.com/ShvetsovYura/metrics-collector/internal/handlers/handlers.go:31.18,35.5 2 1
github.com/ShvetsovYura/metrics-collector/internal/handlers/handlers.go:37.4,38.18 2 1
github.com/ShvetsovYura/metrics-collector/internal/handlers/handlers.go:38.18,43.5 3 0
github.com/ShvetsovYura/metrics-collector/internal/handlers/handlers.go:45.31,47.18 2 1
github.com/ShvetsovYura/metrics-collector/internal/handlers/handlers.go:47.18,51.5 2 1
github.com/ShvetsovYura/metrics-collector/internal/handlers/handlers.go:53.4,54.18 2 1
github.com/ShvetsovYura/metrics-collector/internal/handlers/handlers.go:54.18,58.5 2 0
github.com/ShvetsovYura/metrics-collector/internal/handlers/handlers.go:60.11,63.10 2 1
github.com/ShvetsovYura/metrics-collector/internal/handlers/handlers.go:66.3,66.31 1 1
github.com/ShvetsovYura/metrics-collector/internal/handlers/handlers.go:70.62,71.54 1 1
github.com/ShvetsovYura/metrics-collector/internal/handlers/handlers.go:71.54,76.16 4 1
github.com/ShvetsovYura/metrics-collector/internal/handlers/handlers.go:77.29,79.18 2 1
github.com/ShvetsovYura/metrics-collector/internal/handlers/handlers.go:79.18,83.5 2 1
github.com/ShvetsovYura/metrics-collector/internal/handlers/handlers.go:85.4,86.18 2 1
github.com/ShvetsovYura/metrics-collector/internal/handlers/handlers.go:86.18,91.5 3 1
github.com/ShvetsovYura/metrics-collector/internal/handlers/handlers.go:93.4,93.32 1 1
github.com/ShvetsovYura/metrics-collector/internal/handlers/handlers.go:95.31,97.18 2 1
github.com/ShvetsovYura/metrics-collector/internal/handlers/handlers.go:97.18,101.5 2 0
github.com/ShvetsovYura/metrics-collector/internal/handlers/handlers.go:103.4,104.18 2 1
github.com/ShvetsovYura/metrics-collector/internal/handlers/handlers.go:104.18,109.5 3 0
github.com/ShvetsovYura/metrics-collector/internal/handlers/handlers.go:111.4,111.32 1 1
github.com/ShvetsovYura/metrics-collector/internal/handlers/handlers.go:113.11,116.10 2 1
github.com/ShvetsovYura/metrics-collector/internal/handlers/handlers.go:121.62,122.54 1 1
github.com/ShvetsovYura/metrics-collector/internal/handlers/handlers.go:122.54,127.23 4 1
github.com/ShvetsovYura/metrics-collector/internal/handlers/handlers.go:127.23,131.4 2 0
github.com/ShvetsovYura/metrics-collector/internal/handlers/handlers.go:133.3,133.16 1 1
github.com/ShvetsovYura/metrics-collector/internal/handlers/handlers.go:133.16,135.27 2 1
github.com/ShvetsovYura/metrics-collector/internal/handlers/handlers.go:135.27,137.5 1 0
github.com/ShvetsovYura/metrics-collector/internal/handlers/handlers.go:139.3,141.47 2 1
github.com/ShvetsovYura/metrics-collector/internal/handlers/handlers.go:141.47,145.4 2 1
github.com/ShvetsovYura/metrics-collector/internal/handlers/handlers.go:147.3,147.86 1 1
github.com/ShvetsovYura/metrics-collector/internal/handlers/handlers.go:147.86,150.4 2 1
github.com/ShvetsovYura/metrics-collector/internal/handlers/handlers.go:152.3,157.18 2 1
github.com/ShvetsovYura/metrics-collector/internal/handlers/handlers.go:158.29,160.18 2 1
github.com/ShvetsovYura/metrics-collector/internal/handlers/handlers.go:160.18,162.5 1 0
github.com/ShvetsovYura/metrics-collector/internal/handlers/handlers.go:164.4,172.25 4 1
github.com/ShvetsovYura/metrics-collector/internal/handlers/handlers.go:172.25,174.5 1 0
github.com/ShvetsovYura/metrics-collector/internal/handlers/handlers.go:176.31,178.21 2 1
github.com/ShvetsovYura/metrics-collector/internal/handlers/handlers.go:178.21,180.5 1 0
github.com/ShvetsovYura/metrics-collector/internal/handlers/handlers.go:182.4,190.25 4 1
github.com/ShvetsovYura/metrics-collector/internal/handlers/handlers.go:190.25,192.5 1 0
github.com/ShvetsovYura/metrics-collector/internal/handlers/handlers.go:195.3,195.24 1 1
github.com/ShvetsovYura/metrics-collector/internal/handlers/handlers.go:195.24,198.4 2 0
github.com/ShvetsovYura/metrics-collector/internal/handlers/handlers.go:200.3,201.22 2 1
github.com/ShvetsovYura/metrics-collector/internal/handlers/handlers.go:201.22,206.4 3 1
github.com/ShvetsovYura/metrics-collector/internal/handlers/handlers.go:208.3,208.31 1 1
github.com/ShvetsovYura/metrics-collector/internal/handlers/handlers.go:212.70,213.54 1 1
github.com/ShvetsovYura/metrics-collector/internal/handlers/handlers.go:213.54,227.17 6 1
github.com/ShvetsovYura/metrics-collector/internal/handlers/handlers.go:227.17,229.4 1 0
github.com/ShvetsovYura/metrics-collector/internal/handlers/handlers.go:231.3,231.16 1 1
github.com/ShvetsovYura/metrics-collector/internal/handlers/handlers.go:231.16,233.23 2 1
github.com/ShvetsovYura/metrics-collector/internal/handlers/handlers.go:233.23,235.5 1 0
github.com/ShvetsovYura/metrics-collector/internal/handlers/handlers.go:238.3,238.80 1 1
github.com/ShvetsovYura/metrics-collector/internal/handlers/handlers.go:238.80,240.4 1 0
github.com/ShvetsovYura/metrics-collector/internal/handlers/handlers.go:242.3,242.91 1 1
github.com/ShvetsovYura/metrics-collector/internal/handlers/handlers.go:242.91,245.4 2 0
github.com/ShvetsovYura/metrics-collector/internal/handlers/handlers.go:247.3,247.43 1 1
github.com/ShvetsovYura/metrics-collector/internal/handlers/handlers.go:247.43,249.26 2 1
github.com/ShvetsovYura/metrics-collector/internal/handlers/handlers.go:249.26,252.5 2 1
github.com/ShvetsovYura/metrics-collector/internal/handlers/handlers.go:254.4,259.25 2 1
github.com/ShvetsovYura/metrics-collector/internal/handlers/handlers.go:259.25,262.5 2 0
github.com/ShvetsovYura/metrics-collector/internal/handlers/handlers.go:264.4,264.16 1 1
github.com/ShvetsovYura/metrics-collector/internal/handlers/handlers.go:265.9,265.52 1 1
github.com/ShvetsovYura/metrics-collector/internal/handlers/handlers.go:265.52,273.25 3 1
github.com/ShvetsovYura/metrics-collector/internal/handlers/handlers.go:273.25,277.5 2 0
github.com/ShvetsovYura/metrics-collector/internal/handlers/handlers.go:279.4,279.16 1 1
github.com/ShvetsovYura/metrics-collector/internal/handlers/handlers.go:282.3,283.17 2 1
github.com/ShvetsovYura/metrics-collector/internal/handlers/handlers.go:283.17,288.4 3 1
github.com/ShvetsovYura/metrics-collector/internal/handlers/handlers.go:290.3,290.31 1 1
github.com/ShvetsovYura/metrics-collector/internal/handlers/handlers.go:294.70,295.54 1 1
github.com/ShvetsovYura/metrics-collector/internal/handlers/handlers.go:295.54,301.17 4 1
github.com/ShvetsovYura/metrics-collector/internal/handlers/handlers.go:301.17,305.4 2 0
github.com/ShvetsovYura/metrics-collector/internal/handlers/handlers.go:307.3,308.17 2 1
github.com/ShvetsovYura/metrics-collector/internal/handlers/handlers.go:308.17,310.4 1 1
github.com/ShvetsovYura/metrics-collector/internal/handlers/handlers.go:312.3,312.31 1 1
github.com/ShvetsovYura/metrics-collector/internal/handlers/handlers.go:316.54,317.54 1 1
github.com/ShvetsovYura/metrics-collector/internal/handlers/handlers.go:317.54,321.17 3 1
github.com/ShvetsovYura/metrics-collector/internal/handlers/handlers.go:321.17,325.4 2 0
github.com/ShvetsovYura/metrics-collector/internal/handlers/handlers.go:327.3,327.31 1 1
github.com/ShvetsovYura/metrics-collector/internal/handlers/handlers.go:331.65,332.54 1 1
github.com/ShvetsovYura/metrics-collector/internal/handlers/handlers.go:332.54,338.17 4 1
github.com/ShvetsovYura/metrics-collector/internal/handlers/handlers.go:338.17,342.4 2 0
github.com/ShvetsovYura/metrics-collector/internal/handlers/handlers.go:344.3,344.16 1 1
github.com/ShvetsovYura/metrics-collector/internal/handlers/handlers.go:344.16,346.23 2 1
github.com/ShvetsovYura/metrics-collector/internal/handlers/handlers.go:346.23,348.5 1 0
github.com/ShvetsovYura/metrics-collector/internal/handlers/handlers.go:351.3,352.22 2 1
github.com/ShvetsovYura/metrics-collector/internal/handlers/handlers.go:352.22,355.4 2 0
github.com/ShvetsovYura/metrics-collector/internal/handlers/handlers.go:357.3,362.36 2 1
github.com/ShvetsovYura/metrics-collector/internal/handlers/handlers.go:362.36,363.21 1 1
github.com/ShvetsovYura/metrics-collector/internal/handlers/handlers.go:364.30,365.46 1 1
github.com/ShvetsovYura/metrics-collector/internal/handlers/handlers.go:366.32,369.38 2 1
github.com/ShvetsovYura/metrics-collector/internal/handlers/handlers.go:369.38,371.6 1 0
github.com/ShvetsovYura/metrics-collector/internal/handlers/handlers.go:371.11,373.6 1 1
github.com/ShvetsovYura/metrics-collector/internal/handlers/handlers.go:377.3,378.17 2 1
github.com/ShvetsovYura/metrics-collector/internal/handlers/handlers.go:378.17,380.4 1 0
github.com/ShvetsovYura/metrics-collector/internal/handlers/handlers.go:382.3,383.17 2 1
github.com/ShvetsovYura/metrics-collector/internal/handlers/handlers.go:383.17,385.4 1 0
github.com/ShvetsovYura/metrics-collector/internal/handlers/handlers.go:387.3,387.31 1 1
github.com/ShvetsovYura/metrics-collector/internal/handlers/routes.go:41.53,66.45 17 1
github.com/ShvetsovYura/metrics-collector/internal/handlers/routes.go:66.45,74.3 7 1
github.com/ShvetsovYura/metrics-collector/internal/handlers/routes.go:76.2,76.10 1 1
github.com/ShvetsovYura/metrics-collector/internal/logger/http_logger.go:14.22,23.2 1 1
github.com/ShvetsovYura/metrics-collector/internal/logger/logger.go:13.37,15.16 2 0
github.com/ShvetsovYura/metrics-collector/internal/logger/logger.go:15.16,17.3 1 0
github.com/ShvetsovYura/metrics-collector/internal/logger/logger.go:19.2,23.16 4 0
github.com/ShvetsovYura/metrics-collector/internal/logger/logger.go:23.16,25.3 1 0
github.com/ShvetsovYura/metrics-collector/internal/logger/logger.go:27.2,29.12 2 0
github.com/ShvetsovYura/metrics-collector/internal/middlewares/compress_reader.go:18.66,20.16 2 0
github.com/ShvetsovYura/metrics-collector/internal/middlewares/compress_reader.go:20.16,22.3 1 0
github.com/ShvetsovYura/metrics-collector/internal/middlewares/compress_reader.go:24.2,27.8 1 0
github.com/ShvetsovYura/metrics-collector/internal/middlewares/compress_reader.go:30.60,33.2 2 0
github.com/ShvetsovYura/metrics-collector/internal/middlewares/compress_reader.go:35.40,36.36 1 0
github.com/ShvetsovYura/metrics-collector/internal/middlewares/compress_reader.go:36.36,38.3 1 0
github.com/ShvetsovYura/metrics-collector/internal/middlewares/compress_reader.go:40.2,40.39 1 0
github.com/ShvetsovYura/metrics-collector/internal/middlewares/compress_reader.go:44.55,45.71 1 1
github.com/ShvetsovYura/metrics-collector/internal/middlewares/compress_reader.go:45.71,50.16 3 1
github.com/ShvetsovYura/metrics-collector/internal/middlewares/compress_reader.go:50.16,52.18 2 0
github.com/ShvetsovYura/metrics-collector/internal/middlewares/compress_reader.go:52.18,55.5 2 0
github.com/ShvetsovYura/metrics-collector/internal/middlewares/compress_reader.go:57.4,59.17 2 0
github.com/ShvetsovYura/metrics-collector/internal/middlewares/compress_reader.go:59.17,61.19 2 0
github.com/ShvetsovYura/metrics-collector/internal/middlewares/compress_reader.go:61.19,63.6 1 0
github.com/ShvetsovYura/metrics-collector/internal/middlewares/compress_reader.go:67.3,67.23 1 1
github.com/ShvetsovYura/metrics-collector/internal/middlewares/hash_checker.go:15.78,16.46 1 1
github.com/ShvetsovYura/metrics-collector/internal/middlewares/hash_checker.go:16.46,17.54 1 1
github.com/ShvetsovYura/metrics-collector/internal/middlewares/hash_checker.go:17.54,19.18 2 1
github.com/ShvetsovYura/metrics-collector/internal/middlewares/hash_checker.go:19.18,22.5 2 0
github.com/ShvetsovYura/metrics-collector/internal/middlewares/hash_checker.go:24.4,25.37 2 1
github.com/ShvetsovYura/metrics-collector/internal/middlewares/hash_checker.go:25.37,27.27 2 0
github.com/ShvetsovYura/metrics-collector/internal/middlewares/hash_checker.go:27.27,32.6 3 0
github.com/ShvetsovYura/metrics-collector/internal/middlewares/hash_checker.go:35.4,37.24 2 1
github.com/ShvetsovYura/metrics-collector/internal/middlewares/hash_checker.go:40.3,40.30 1 1
github.com/ShvetsovYura/metrics-collector/internal/middlewares/hash_checker.go:50.51,55.2 3 1
github.com/ShvetsovYura/metrics-collector/internal/middlewares/hash_checker.go:56.37,57.40 1 1
github.com/ShvetsovYura/metrics-collector/internal/middlewares/hash_checker.go:57.40,60.3 2 0
github.com/ShvetsovYura/metrics-collector/internal/middlewares/hash_checker.go:62.2,63.30 2 1
github.com/ShvetsovYura/metrics-collector/internal/middlewares/hash_checker.go:67.72,68.46 1 1
github.com/ShvetsovYura/metrics-collector/internal/middlewares/hash_checker.go:68.46,69.72 1 1
github.com/ShvetsovYura/metrics-collector/internal/middlewares/hash_checker.go:69.72,72.17 2 1
github.com/ShvetsovYura/metrics-collector/internal/middlewares/hash_checker.go:72.17,81.18 3 1
github.com/ShvetsovYura/metrics-collector/internal/middlewares/hash_checker.go:81.18,83.20 2 1
github.com/ShvetsovYura/metrics-collector/internal/middlewares/hash_checker.go:83.20,85.7 1 1
github.com/ShvetsovYura/metrics-collector/internal/middlewares/hash_checker.go:89.4,89.25 1 1
github.com/ShvetsovYura/metrics-collector/internal/models/metric.go:9.34,11.2 1 1
github.com/ShvetsovYura/metrics-collector/internal/models/metric.go:14.39,17.2 2 1
github.com/ShvetsovYura/metrics-collector/internal/models/metric.go:20.36,22.2 1 1
github.com/ShvetsovYura/metrics-collector/internal/models/metric.go:25.39,28.2 2 1
github.com/ShvetsovYura/metrics-collector/internal/storage/db.go:19.69,21.16 2 0
github.com/ShvetsovYura/metrics-collector/internal/storage/db.go:21.16,24.3 2 0
github.com/ShvetsovYura/metrics-collector/internal/storage/db.go:26.2,27.16 2 0
github.com/ShvetsovYura/metrics-collector/internal/storage/db.go:27.16,29.3 1 0
github.com/ShvetsovYura/metrics-collector/internal/storage/db.go:31.2,31.33 1 0
github.com/ShvetsovYura/metrics-collector/internal/storage/db.go:34.76,57.2 2 0
github.com/ShvetsovYura/metrics-collector/internal/storage/db.go:59.79,66.16 2 0
github.com/ShvetsovYura/metrics-collector/internal/storage/db.go:66.16,68.3 1 0
github.com/ShvetsovYura/metrics-collector/internal/storage/db.go:70.2,72.12 2 0
github.com/ShvetsovYura/metrics-collector/internal/storage/db.go:75.79,86.2 3 0
github.com/ShvetsovYura/metrics-collector/internal/storage/db.go:88.90,98.16 5 0
github.com/ShvetsovYura/metrics-collector/internal/storage/db.go:98.16,100.3 1 0
github.com/ShvetsovYura/metrics-collector/internal/storage/db.go:102.2,102.35 1 0
github.com/ShvetsovYura/metrics-collector/internal/storage/db.go:105.86,115.16 5 0
github.com/ShvetsovYura/metrics-collector/internal/storage/db.go:115.16,117.3 1 0
github.com/ShvetsovYura/metrics-collector/internal/storage/db.go:119.2,119.33 1 0
github.com/ShvetsovYura/metrics-collector/internal/storage/db.go:122.79,124.16 2 0
github.com/ShvetsovYura/metrics-collector/internal/storage/db.go:124.16,126.3 1 0
github.com/ShvetsovYura/metrics-collector/internal/storage/db.go:128.2,129.16 2 0
github.com/ShvetsovYura/metrics-collector/internal/storage/db.go:129.16,131.3 1 0
github.com/ShvetsovYura/metrics-collector/internal/storage/db.go:133.2,135.18 2 0
github.com/ShvetsovYura/metrics-collector/internal/storage/db.go:135.18,142.17 3 0
github.com/ShvetsovYura/metrics-collector/internal/storage/db.go:142.17,144.4 1 0
github.com/ShvetsovYura/metrics-collector/internal/storage/db.go:146.3,146.37 1 0
github.com/ShvetsovYura/metrics-collector/internal/storage/db.go:149.2,149.20 1 0
github.com/ShvetsovYura/metrics-collector/internal/storage/db.go:152.83,154.16 2 0
github.com/ShvetsovYura/metrics-collector/internal/storage/db.go:154.16,156.3 1 0
github.com/ShvetsovYura/metrics-collector/internal/storage/db.go:158.2,159.16 2 0
github.com/ShvetsovYura/metrics-collector/internal/storage/db.go:159.16,161.3 1 0
github.com/ShvetsovYura/metrics-collector/internal/storage/db.go:163.2,165.18 2 0
github.com/ShvetsovYura/metrics-collector/internal/storage/db.go:165.18,172.17 3 0
github.com/ShvetsovYura/metrics-collector/internal/storage/db.go:172.17,174.4 1 0
github.com/ShvetsovYura/metrics-collector/internal/storage/db.go:176.3,176.41 1 0
github.com/ShvetsovYura/metrics-collector/internal/storage/db.go:179.2,179.22 1 0
github.com/ShvetsovYura/metrics-collector/internal/storage/db.go:182.61,186.16 3 0
github.com/ShvetsovYura/metrics-collector/internal/storage/db.go:186.16,188.3 1 0
github.com/ShvetsovYura/metrics-collector/internal/storage/db.go:190.2,190.22 1 0
github.com/ShvetsovYura/metrics-collector/internal/storage/db.go:190.22,192.3 1 0
github.com/ShvetsovYura/metrics-collector/internal/storage/db.go:194.2,195.16 2 0
github.com/ShvetsovYura/metrics-collector/internal/storage/db.go:195.16,197.3 1 0
github.com/ShvetsovYura/metrics-collector/internal/storage/db.go:199.2,199.22 1 0
github.com/ShvetsovYura/metrics-collector/internal/storage/db.go:199.22,201.3 1 0
github.com/ShvetsovYura/metrics-collector/internal/storage/db.go:203.2,203.18 1 0
github.com/ShvetsovYura/metrics-collector/internal/storage/db.go:206.47,208.16 2 0
github.com/ShvetsovYura/metrics-collector/internal/storage/db.go:208.16,210.3 1 0
github.com/ShvetsovYura/metrics-collector/internal/storage/db.go:212.2,212.12 1 0
github.com/ShvetsovYura/metrics-collector/internal/storage/db.go:215.90,221.27 4 0
github.com/ShvetsovYura/metrics-collector/internal/storage/db.go:221.27,227.3 2 0
github.com/ShvetsovYura/metrics-collector/internal/storage/db.go:229.2,231.15 2 0
github.com/ShvetsovYura/metrics-collector/internal/storage/db.go:231.15,233.17 2 0
github.com/ShvetsovYura/metrics-collector/internal/storage/db.go:233.17,235.4 1 0
github.com/ShvetsovYura/metrics-collector/internal/storage/db.go:238.2,239.16 2 0
github.com/ShvetsovYura/metrics-collector/internal/storage/db.go:239.16,241.3 1 0
github.com/ShvetsovYura/metrics-collector/internal/storage/db.go:243.2,243.12 1 0
github.com/ShvetsovYura/metrics-collector/internal/storage/db.go:246.96,254.16 4 0
github.com/ShvetsovYura/metrics-collector/internal/storage/db.go:254.16,256.3 1 0
github.com/ShvetsovYura/metrics-collector/internal/storage/db.go:258.2,258.15 1 0
github.com/ShvetsovYura/metrics-collector/internal/storage/db.go:258.15,260.17 2 0
github.com/ShvetsovYura/metrics-collector/internal/storage/db.go:260.17,262.4 1 0
github.com/ShvetsovYura/metrics-collector/internal/storage/db.go:265.2,265.29 1 0
github.com/ShvetsovYura/metrics-collector/internal/storage/db.go:265.29,267.17 2 0
github.com/ShvetsovYura/metrics-collector/internal/storage/db.go:267.17,269.4 1 0
github.com/ShvetsovYura/metrics-collector/internal/storage/db.go:271.3,272.17 2 0
github.com/ShvetsovYura/metrics-collector/internal/storage/db.go:272.17,274.4 1 0
github.com/ShvetsovYura/metrics-collector/internal/storage/db.go:277.2,278.36 2 0
github.com/ShvetsovYura/metrics-collector/internal/storage/db.go:281.28,283.2 1 0
github.com/ShvetsovYura/metrics-collector/internal/storage/db.go:285.48,287.2 1 0
github.com/ShvetsovYura/metrics-collector/internal/storage/file.go:33.96,35.24 2 1
github.com/ShvetsovYura/metrics-collector/internal/storage/file.go:35.24,37.3 1 1
github.com/ShvetsovYura/metrics-collector/internal/storage/file.go:39.2,45.13 2 1
github.com/ShvetsovYura/metrics-collector/internal/storage/file.go:45.13,47.17 2 1
github.com/ShvetsovYura/metrics-collector/internal/storage/file.go:47.17,49.4 1 1
github.com/ShvetsovYura/metrics-collector/internal/storage/file.go:52.2,52.10 1 1
github.com/ShvetsovYura/metrics-collector/internal/storage/file.go:55.82,57.16 2 1
github.com/ShvetsovYura/metrics-collector/internal/storage/file.go:57.16,59.3 1 1
github.com/ShvetsovYura/metrics-collector/internal/storage/file.go:60.2,60.17 1 1
github.com/ShvetsovYura/metrics-collector/internal/storage/file.go:63.81,64.65 1 1
github.com/ShvetsovYura/metrics-collector/internal/storage/file.go:64.65,66.3 1 0
github.com/ShvetsovYura/metrics-collector/internal/storage/file.go:68.2,70.12 2 1
github.com/ShvetsovYura/metrics-collector/internal/storage/file.go:73.81,74.67 1 1
github.com/ShvetsovYura/metrics-collector/internal/storage/file.go:74.67,76.3 1 0
github.com/ShvetsovYura/metrics-collector/internal/storage/file.go:78.2,80.12 2 1
github.com/ShvetsovYura/metrics-collector/internal/storage/file.go:83.86,85.16 2 1
github.com/ShvetsovYura/metrics-collector/internal/storage/file.go:85.16,87.3 1 0
github.com/ShvetsovYura/metrics-collector/internal/storage/file.go:88.2,88.17 1 1
github.com/ShvetsovYura/metrics-collector/internal/storage/file.go:91.63,93.16 2 1
github.com/ShvetsovYura/metrics-collector/internal/storage/file.go:93.16,95.3 1 0
github.com/ShvetsovYura/metrics-collector/internal/storage/file.go:96.2,96.17 1 1
github.com/ShvetsovYura/metrics-collector/internal/storage/file.go:99.82,101.16 2 1
github.com/ShvetsovYura/metrics-collector/internal/storage/file.go:101.16,103.3 1 0
github.com/ShvetsovYura/metrics-collector/internal/storage/file.go:105.2,105.15 1 1
github.com/ShvetsovYura/metrics-collector/internal/storage/file.go:105.15,107.22 2 1
github.com/ShvetsovYura/metrics-collector/internal/storage/file.go:107.22,109.4 1 0
github.com/ShvetsovYura/metrics-collector/internal/storage/file.go:112.2,115.16 3 1
github.com/ShvetsovYura/metrics-collector/internal/storage/file.go:115.16,117.3 1 0
github.com/ShvetsovYura/metrics-collector/internal/storage/file.go:119.2,120.16 2 1
github.com/ShvetsovYura/metrics-collector/internal/storage/file.go:120.16,122.3 1 0
github.com/ShvetsovYura/metrics-collector/internal/storage/file.go:124.2,124.12 1 1
github.com/ShvetsovYura/metrics-collector/internal/storage/file.go:127.76,131.16 3 1
github.com/ShvetsovYura/metrics-collector/internal/storage/file.go:131.16,133.3 1 0
github.com/ShvetsovYura/metrics-collector/internal/storage/file.go:135.2,136.16 2 1
github.com/ShvetsovYura/metrics-collector/internal/storage/file.go:136.16,138.3 1 0
github.com/ShvetsovYura/metrics-collector/internal/storage/file.go:140.2,143.16 3 1
github.com/ShvetsovYura/metrics-collector/internal/storage/file.go:143.16,145.3 1 1
github.com/ShvetsovYura/metrics-collector/internal/storage/file.go:147.2,149.36 2 0
github.com/ShvetsovYura/metrics-collector/internal/storage/file.go:152.27,153.20 1 1
github.com/ShvetsovYura/metrics-collector/internal/storage/file.go:153.20,155.17 2 1
github.com/ShvetsovYura/metrics-collector/internal/storage/file.go:155.17,157.4 1 0
github.com/ShvetsovYura/metrics-collector/internal/storage/file.go:161.71,166.27 3 1
github.com/ShvetsovYura/metrics-collector/internal/storage/file.go:166.27,168.3 1 1
github.com/ShvetsovYura/metrics-collector/internal/storage/file.go:170.2,170.10 1 1
github.com/ShvetsovYura/metrics-collector/internal/storage/file.go:173.71,178.29 3 1
github.com/ShvetsovYura/metrics-collector/internal/storage/file.go:178.29,180.3 1 1
github.com/ShvetsovYura/metrics-collector/internal/storage/file.go:182.2,182.10 1 1
github.com/ShvetsovYura/metrics-collector/internal/storage/file.go:185.30,194.16 6 1
github.com/ShvetsovYura/metrics-collector/internal/storage/file.go:194.16,196.3 1 0
github.com/ShvetsovYura/metrics-collector/internal/storage/file.go:198.2,200.12 2 1
github.com/ShvetsovYura/metrics-collector/internal/storage/file.go:203.52,205.16 2 1
github.com/ShvetsovYura/metrics-collector/internal/storage/file.go:205.16,207.3 1 1
github.com/ShvetsovYura/metrics-collector/internal/storage/file.go:209.2,212.12 3 0
github.com/ShvetsovYura/metrics-collector/internal/storage/file.go:215.47,217.2 1 0
github.com/ShvetsovYura/metrics-collector/internal/storage/file.go:219.85,222.2 2 0
github.com/ShvetsovYura/metrics-collector/internal/storage/file.go:224.89,227.2 2 0
github.com/ShvetsovYura/metrics-collector/internal/storage/memory.go:23.42,30.2 2 1
github.com/ShvetsovYura/metrics-collector/internal/storage/memory.go:32.78,38.2 4 1
github.com/ShvetsovYura/metrics-collector/internal/storage/memory.go:40.74,41.27 1 1
github.com/ShvetsovYura/metrics-collector/internal/storage/memory.go:41.27,43.17 2 1
github.com/ShvetsovYura/metrics-collector/internal/storage/memory.go:43.17,45.4 1 0
github.com/ShvetsovYura/metrics-collector/internal/storage/memory.go:49.76,50.29 1 0
github.com/ShvetsovYura/metrics-collector/internal/storage/memory.go:50.29,52.17 2 0
github.com/ShvetsovYura/metrics-collector/internal/storage/memory.go:52.17,54.4 1 0
github.com/ShvetsovYura/metrics-collector/internal/storage/memory.go:58.78,64.2 4 1
github.com/ShvetsovYura/metrics-collector/internal/storage/memory.go:66.81,70.41 3 1
github.com/ShvetsovYura/metrics-collector/internal/storage/memory.go:70.41,72.3 1 1
github.com/ShvetsovYura/metrics-collector/internal/storage/memory.go:74.2,74.43 1 1
github.com/ShvetsovYura/metrics-collector/internal/storage/memory.go:77.85,81.42 3 1
github.com/ShvetsovYura/metrics-collector/internal/storage/memory.go:81.42,83.3 1 1
github.com/ShvetsovYura/metrics-collector/internal/storage/memory.go:85.2,85.43 1 0
github.com/ShvetsovYura/metrics-collector/internal/storage/memory.go:88.71,90.2 1 1
github.com/ShvetsovYura/metrics-collector/internal/storage/memory.go:92.75,94.2 1 1
github.com/ShvetsovYura/metrics-collector/internal/storage/memory.go:96.62,102.34 4 1
github.com/ShvetsovYura/metrics-collector/internal/storage/memory.go:102.34,104.3 1 1
github.com/ShvetsovYura/metrics-collector/internal/storage/memory.go:106.2,106.35 1 1
github.com/ShvetsovYura/metrics-collector/internal/storage/memory.go:106.35,108.3 1 1
github.com/ShvetsovYura/metrics-collector/internal/storage/memory.go:110.2,113.30 3 1
github.com/ShvetsovYura/metrics-collector/internal/storage/memory.go:113.30,114.37 1 1
github.com/ShvetsovYura/metrics-collector/internal/storage/memory.go:114.37,116.4 1 1
github.com/ShvetsovYura/metrics-collector/internal/storage/memory.go:119.2,119.32 1 1
github.com/ShvetsovYura/metrics-collector/internal/storage/memory.go:119.32,120.38 1 1
github.com/ShvetsovYura/metrics-collector/internal/storage/memory.go:120.38,122.4 1 1
github.com/ShvetsovYura/metrics-collector/internal/storage/memory.go:125.2,125.18 1 1
github.com/ShvetsovYura/metrics-collector/internal/storage/memory.go:128.48,130.2 1 1
github.com/ShvetsovYura/metrics-collector/internal/storage/memory.go:132.86,134.2 1 1
github.com/ShvetsovYura/metrics-collector/internal/storage/memory.go:135.90,137.2 1 1
github.com/ShvetsovYura/metrics-collector/internal/storage/memory.go:138.31,140.2 1 0
github.com/ShvetsovYura/metrics-collector/internal/storage/memory.go:141.51,143.2 1 0
github.com/ShvetsovYura/metrics-collector/internal/util/util.go:9.42,10.24 1 1
github.com/ShvetsovYura/metrics-collector/internal/util/util.go:10.24,11.15 1 1
github.com/ShvetsovYura/metrics-collector/internal/util/util.go:11.15,13.4 1 1
github.com/ShvetsovYura/metrics-collector/internal/util/util.go:16.2,16.14 1 1
github.com/ShvetsovYura/metrics-collector/internal/util/util.go:22.42,28.2 4 1
github.com/ShvetsovYura/metrics-collector/internal/logger/http_logger.go:14.22,23.2 1 0
github.com/ShvetsovYura/metrics-collector/internal/logger/logger.go:13.37,15.16 2 0
github.com/ShvetsovYura/metrics-collector/internal/logger/logger.go:15.16,17.3 1 0
github.com/ShvetsovYura/metrics-collector/internal/logger/logger.go:19.2,23.16 4 0
github.com/ShvetsovYura/metrics-collector/internal/logger/logger.go:23.16,25.3 1 0
github.com/ShvetsovYura/metrics-collector/internal/logger/logger.go:27.2,29.12 2 0
github.com/ShvetsovYura/metrics-collector/internal/models/metric.go:9.34,11.2 1 1
github.com/ShvetsovYura/metrics-collector/internal/models/metric.go:14.39,17.2 2 1
github.com/ShvetsovYura/metrics-collector/internal/models/metric.go:20.36,22.2 1 1
github.com/ShvetsovYura/metrics-collector/internal/models/metric.go:25.39,28.2 2 1
github.com/ShvetsovYura/metrics-collector/internal/storage/db.go:19.69,21.16 2 0
github.com/ShvetsovYura/metrics-collector/internal/storage/db.go:21.16,24.3 2 0
github.com/ShvetsovYura/metrics-collector/internal/storage/db.go:26.2,27.16 2 0
github.com/ShvetsovYura/metrics-collector/internal/storage/db.go:27.16,29.3 1 0
github.com/ShvetsovYura/metrics-collector/internal/storage/db.go:31.2,31.33 1 0
github.com/ShvetsovYura/metrics-collector/internal/storage/db.go:34.76,57.2 2 0
github.com/ShvetsovYura/metrics-collector/internal/storage/db.go:59.79,66.16 2 0
github.com/ShvetsovYura/metrics-collector/internal/storage/db.go:66.16,68.3 1 0
github.com/ShvetsovYura/metrics-collector/internal/storage/db.go:70.2,72.12 2 0
github.com/ShvetsovYura/metrics-collector/internal/storage/db.go:75.79,86.2 3 0
github.com/ShvetsovYura/metrics-collector/internal/storage/db.go:88.90,98.16 5 0
github.com/ShvetsovYura/metrics-collector/internal/storage/db.go:98.16,100.3 1 0
github.com/ShvetsovYura/metrics-collector/internal/storage/db.go:102.2,102.35 1 0
github.com/ShvetsovYura/metrics-collector/internal/storage/db.go:105.86,115.16 5 0
github.com/ShvetsovYura/metrics-collector/internal/storage/db.go:115.16,117.3 1 0
github.com/ShvetsovYura/metrics-collector/internal/storage/db.go:119.2,119.33 1 0
github.com/ShvetsovYura/metrics-collector/internal/storage/db.go:122.79,124.16 2 0
github.com/ShvetsovYura/metrics-collector/internal/storage/db.go:124.16,126.3 1 0
github.com/ShvetsovYura/metrics-collector/internal/storage/db.go:128.2,129.16 2 0
github.com/ShvetsovYura/metrics-collector/internal/storage/db.go:129.16,131.3 1 0
github.com/ShvetsovYura/metrics-collector/internal/storage/db.go:133.2,135.18 2 0
github.com/ShvetsovYura/metrics-collector/internal/storage/db.go:135.18,142.17 3 0
github.com/ShvetsovYura/metrics-collector/internal/storage/db.go:142.17,144.4 1 0
github.com/ShvetsovYura/metrics-collector/internal/storage/db.go:146.3,146.37 1 0
github.com/ShvetsovYura/metrics-collector/internal/storage/db.go:149.2,149.20 1 0
github.com/ShvetsovYura/metrics-collector/internal/storage/db.go:152.83,154.16 2 0
github.com/ShvetsovYura/metrics-collector/internal/storage/db.go:154.16,156.3 1 0
github.com/ShvetsovYura/metrics-collector/internal/storage/db.go:158.2,159.16 2 0
github.com/ShvetsovYura/metrics-collector/internal/storage/db.go:159.16,161.3 1 0
github.com/ShvetsovYura/metrics-collector/internal/storage/db.go:163.2,165.18 2 0
github.com/ShvetsovYura/metrics-collector/internal/storage/db.go:165.18,172.17 3 0
github.com/ShvetsovYura/metrics-collector/internal/storage/db.go:172.17,174.4 1 0
github.com/ShvetsovYura/metrics-collector/internal/storage/db.go:176.3,176.41 1 0
github.com/ShvetsovYura/metrics-collector/internal/storage/db.go:179.2,179.22 1 0
github.com/ShvetsovYura/metrics-collector/internal/storage/db.go:182.61,186.16 3 0
github.com/ShvetsovYura/metrics-collector/internal/storage/db.go:186.16,188.3 1 0
github.com/ShvetsovYura/metrics-collector/internal/storage/db.go:190.2,190.22 1 0
github.com/ShvetsovYura/metrics-collector/internal/storage/db.go:190.22,192.3 1 0
github.com/ShvetsovYura/metrics-collector/internal/storage/db.go:194.2,195.16 2 0
github.com/ShvetsovYura/metrics-collector/internal/storage/db.go:195.16,197.3 1 0
github.com/ShvetsovYura/metrics-collector/internal/storage/db.go:199.2,199.22 1 0
github.com/ShvetsovYura/metrics-collector/internal/storage/db.go:199.22,201.3 1 0
github.com/ShvetsovYura/metrics-collector/internal/storage/db.go:203.2,203.18 1 0
github.com/ShvetsovYura/metrics-collector/internal/storage/db.go:206.47,208.16 2 0
github.com/ShvetsovYura/metrics-collector/internal/storage/db.go:208.16,210.3 1 0
github.com/ShvetsovYura/metrics-collector/internal/storage/db.go:212.2,212.12 1 0
github.com/ShvetsovYura/metrics-collector/internal/storage/db.go:215.90,221.27 4 0
github.com/ShvetsovYura/metrics-collector/internal/storage/db.go:221.27,227.3 2 0
github.com/ShvetsovYura/metrics-collector/internal/storage/db.go:229.2,231.15 2 0
github.com/ShvetsovYura/metrics-collector/internal/storage/db.go:231.15,233.17 2 0
github.com/ShvetsovYura/metrics-collector/internal/storage/db.go:233.17,235.4 1 0
github.com/ShvetsovYura/metrics-collector/internal/storage/db.go:238.2,239.16 2 0
github.com/ShvetsovYura/metrics-collector/internal/storage/db.go:239.16,241.3 1 0
github.com/ShvetsovYura/metrics-collector/internal/storage/db.go:243.2,243.12 1 0
github.com/ShvetsovYura/metrics-collector/internal/storage/db.go:246.96,254.16 4 0
github.com/ShvetsovYura/metrics-collector/internal/storage/db.go:254.16,256.3 1 0
github.com/ShvetsovYura/metrics-collector/internal/storage/db.go:258.2,258.15 1 0
github.com/ShvetsovYura/metrics-collector/internal/storage/db.go:258.15,260.17 2 0
github.com/ShvetsovYura/metrics-collector/internal/storage/db.go:260.17,262.4 1 0
github.com/ShvetsovYura/metrics-collector/internal/storage/db.go:265.2,265.29 1 0
github.com/ShvetsovYura/metrics-collector/internal/storage/db.go:265.29,267.17 2 0
github.com/ShvetsovYura/metrics-collector/internal/storage/db.go:267.17,269.4 1 0
github.com/ShvetsovYura/metrics-collector/internal/storage/db.go:271.3,272.17 2 0
github.com/ShvetsovYura/metrics-collector/internal/storage/db.go:272.17,274.4 1 0
github.com/ShvetsovYura/metrics-collector/internal/storage/db.go:277.2,278.36 2 0
github.com/ShvetsovYura/metrics-collector/internal/storage/db.go:281.28,283.2 1 0
github.com/ShvetsovYura/metrics-collector/internal/storage/db.go:285.48,287.2 1 0
github.com/ShvetsovYura/metrics-collector/internal/storage/file.go:33.96,35.24 2 1
github.com/ShvetsovYura/metrics-collector/internal/storage/file.go:35.24,37.3 1 1
github.com/ShvetsovYura/metrics-collector/internal/storage/file.go:39.2,45.13 2 1
github.com/ShvetsovYura/metrics-collector/internal/storage/file.go:45.13,47.17 2 0
github.com/ShvetsovYura/metrics-collector/internal/storage/file.go:47.17,49.4 1 0
github.com/ShvetsovYura/metrics-collector/internal/storage/file.go:52.2,52.10 1 1
github.com/ShvetsovYura/metrics-collector/internal/storage/file.go:55.82,57.16 2 0
github.com/ShvetsovYura/metrics-collector/internal/storage/file.go:57.16,59.3 1 0
github.com/ShvetsovYura/metrics-collector/internal/storage/file.go:60.2,60.17 1 0
github.com/ShvetsovYura/metrics-collector/internal/storage/file.go:63.81,64.65 1 0
github.com/ShvetsovYura/metrics-collector/internal/storage/file.go:64.65,66.3 1 0
github.com/ShvetsovYura/metrics-collector/internal/storage/file.go:68.2,70.12 2 0
github.com/ShvetsovYura/metrics-collector/internal/storage/file.go:73.81,74.67 1 0
github.com/ShvetsovYura/metrics-collector/internal/storage/file.go:74.67,76.3 1 0
github.com/ShvetsovYura/metrics-collector/internal/storage/file.go:78.2,80.12 2 0
github.com/ShvetsovYura/metrics-collector/internal/storage/file.go:83.86,85.16 2 0
github.com/ShvetsovYura/metrics-collector/internal/storage/file.go:85.16,87.3 1 0
github.com/ShvetsovYura/metrics-collector/internal/storage/file.go:88.2,88.17 1 0
github.com/ShvetsovYura/metrics-collector/internal/storage/file.go:91.63,93.16 2 0
github.com/ShvetsovYura/metrics-collector/internal/storage/file.go:93.16,95.3 1 0
github.com/ShvetsovYura/metrics-collector/internal/storage/file.go:96.2,96.17 1 0
github.com/ShvetsovYura/metrics-collector/internal/storage/file.go:99.82,101.16 2 1
github.com/ShvetsovYura/metrics-collector/internal/storage/file.go:101.16,103.3 1 0
github.com/ShvetsovYura/metrics-collector/internal/storage/file.go:105.2,105.15 1 1
github.com/ShvetsovYura/metrics-collector/internal/storage/file.go:105.15,107.22 2 1
github.com/ShvetsovYura/metrics-collector/internal/storage/file.go:107.22,109.4 1 0
github.com/ShvetsovYura/metrics-collector/internal/storage/file.go:112.2,115.16 3 1
github.com/ShvetsovYura/metrics-collector/internal/storage/file.go:115.16,117.3 1 0
github.com/ShvetsovYura/metrics-collector/internal/storage/file.go:119.2,120.16 2 1
github.com/ShvetsovYura/metrics-collector/internal/storage/file.go:120.16,122.3 1 0
github.com/ShvetsovYura/metrics-collector/internal/storage/file.go:124.2,124.12 1 1
github.com/ShvetsovYura/metrics-collector/internal/storage/file.go:127.76,131.16 3 1
github.com/ShvetsovYura/metrics-collector/internal/storage/file.go:131.16,133.3 1 0
github.com/ShvetsovYura/metrics-collector/internal/storage/file.go:135.2,136.16 2 1
github.com/ShvetsovYura/metrics-collector/internal/storage/file.go:136.16,138.3 1 0
github.com/ShvetsovYura/metrics-collector/internal/storage/file.go:140.2,143.16 3 1
github.com/ShvetsovYura/metrics-collector/internal/storage/file.go:143.16,145.3 1 0
github.com/ShvetsovYura/metrics-collector/internal/storage/file.go:147.2,149.36 2 1
github.com/ShvetsovYura/metrics-collector/internal/storage/file.go:152.27,153.20 1 0
github.com/ShvetsovYura/metrics-collector/internal/storage/file.go:153.20,155.17 2 0
github.com/ShvetsovYura/metrics-collector/internal/storage/file.go:155.17,157.4 1 0
github.com/ShvetsovYura/metrics-collector/internal/storage/file.go:161.71,166.27 3 1
github.com/ShvetsovYura/metrics-collector/internal/storage/file.go:166.27,168.3 1 1
github.com/ShvetsovYura/metrics-collector/internal/storage/file.go:170.2,170.10 1 1
github.com/ShvetsovYura/metrics-collector/internal/storage/file.go:173.71,178.29 3 1
github.com/ShvetsovYura/metrics-collector/internal/storage/file.go:178.29,180.3 1 1
github.com/ShvetsovYura/metrics-collector/internal/storage/file.go:182.2,182.10 1 1
github.com/ShvetsovYura/metrics-collector/internal/storage/file.go:185.30,194.16 6 1
github.com/ShvetsovYura/metrics-collector/internal/storage/file.go:194.16,196.3 1 0
github.com/ShvetsovYura/metrics-collector/internal/storage/file.go:198.2,200.12 2 1
github.com/ShvetsovYura/metrics-collector/internal/storage/file.go:203.52,205.16 2 1
github.com/ShvetsovYura/metrics-collector/internal/storage/file.go:205.16,207.3 1 0
github.com/ShvetsovYura/metrics-collector/internal/storage/file.go:209.2,212.12 3 1
github.com/ShvetsovYura/metrics-collector/internal/storage/file.go:215.47,217.2 1 0
github.com/ShvetsovYura/metrics-collector/internal/storage/file.go:219.85,222.2 2 0
github.com/ShvetsovYura/metrics-collector/internal/storage/file.go:224.89,227.2 2 0
github.com/ShvetsovYura/metrics-collector/internal/storage/memory.go:23.42,30.2 2 1
github.com/ShvetsovYura/metrics-collector/internal/storage/memory.go:32.78,38.2 4 1
github.com/ShvetsovYura/metrics-collector/internal/storage/memory.go:40.74,41.27 1 1
github.com/ShvetsovYura/metrics-collector/internal/storage/memory.go:41.27,43.17 2 1
github.com/ShvetsovYura/metrics-collector/internal/storage/memory.go:43.17,45.4 1 0
github.com/ShvetsovYura/metrics-collector/internal/storage/memory.go:49.76,50.29 1 1
github.com/ShvetsovYura/metrics-collector/internal/storage/memory.go:50.29,52.17 2 1
github.com/ShvetsovYura/metrics-collector/internal/storage/memory.go:52.17,54.4 1 0
github.com/ShvetsovYura/metrics-collector/internal/storage/memory.go:58.78,64.2 4 1
github.com/ShvetsovYura/metrics-collector/internal/storage/memory.go:66.81,70.41 3 1
github.com/ShvetsovYura/metrics-collector/internal/storage/memory.go:70.41,72.3 1 1
github.com/ShvetsovYura/metrics-collector/internal/storage/memory.go:74.2,74.43 1 0
github.com/ShvetsovYura/metrics-collector/internal/storage/memory.go:77.85,81.42 3 1
github.com/ShvetsovYura/metrics-collector/internal/storage/memory.go:81.42,83.3 1 1
github.com/ShvetsovYura/metrics-collector/internal/storage/memory.go:85.2,85.43 1 0
github.com/ShvetsovYura/metrics-collector/internal/storage/memory.go:88.71,90.2 1 1
github.com/ShvetsovYura/metrics-collector/internal/storage/memory.go:92.75,94.2 1 1
github.com/ShvetsovYura/metrics-collector/internal/storage/memory.go:96.62,102.34 4 1
github.com/ShvetsovYura/metrics-collector/internal/storage/memory.go:102.34,104.3 1 1
github.com/ShvetsovYura/metrics-collector/internal/storage/memory.go:106.2,106.35 1 1
github.com/ShvetsovYura/metrics-collector/internal/storage/memory.go:106.35,108.3 1 1
github.com/ShvetsovYura/metrics-collector/internal/storage/memory.go:110.2,113.30 3 1
github.com/ShvetsovYura/metrics-collector/internal/storage/memory.go:113.30,114.37 1 1
github.com/ShvetsovYura/metrics-collector/internal/storage/memory.go:114.37,116.4 1 1
github.com/ShvetsovYura/metrics-collector/internal/storage/memory.go:119.2,119.32 1 1
github.com/ShvetsovYura/metrics-collector/internal/storage/memory.go:119.32,120.38 1 1
github.com/ShvetsovYura/metrics-collector/internal/storage/memory.go:120.38,122.4 1 1
github.com/ShvetsovYura/metrics-collector/internal/storage/memory.go:125.2,125.18 1 1
github.com/ShvetsovYura/metrics-collector/internal/storage/memory.go:128.48,130.2 1 0
github.com/ShvetsovYura/metrics-collector/internal/storage/memory.go:132.86,134.2 1 0
github.com/ShvetsovYura/metrics-collector/internal/storage/memory.go:135.90,137.2 1 0
github.com/ShvetsovYura/metrics-collector/internal/storage/memory.go:138.31,140.2 1 0
github.com/ShvetsovYura/metrics-collector/internal/storage/memory.go:141.51,143.2 1 0
github.com/ShvetsovYura/metrics-collector/internal/util/util.go:9.42,10.24 1 1
github.com/ShvetsovYura/metrics-collector/internal/util/util.go:10.24,11.15 1 1
github.com/ShvetsovYura/metrics-collector/internal/util/util.go:11.15,13.4 1 1
github.com/ShvetsovYura/metrics-collector/internal/util/util.go:16.2,16.14 1 1
github.com/ShvetsovYura/metrics-collector/internal/util/util.go:22.42,28.2 4 1
github.com/ShvetsovYura/metrics-collector/cmd/staticlint/osexitcheck/osexitcheck.go:15.44,16.34 1 1
github.com/ShvetsovYura/metrics-collector/cmd/staticlint/osexitcheck/osexitcheck.go:16.34,18.24 2 1
github.com/ShvetsovYura/metrics-collector/cmd/staticlint/osexitcheck/osexitcheck.go:18.24,20.4 1 1
github.com/ShvetsovYura/metrics-collector/cmd/staticlint/osexitcheck/osexitcheck.go:22.3,22.43 1 1
github.com/ShvetsovYura/metrics-collector/cmd/staticlint/osexitcheck/osexitcheck.go:22.43,23.25 1 1
github.com/ShvetsovYura/metrics-collector/cmd/staticlint/osexitcheck/osexitcheck.go:24.23,25.30 1 1
github.com/ShvetsovYura/metrics-collector/cmd/staticlint/osexitcheck/osexitcheck.go:25.30,28.6 1 1
github.com/ShvetsovYura/metrics-collector/cmd/staticlint/osexitcheck/osexitcheck.go:29.23,30.47 1 1
github.com/ShvetsovYura/metrics-collector/cmd/staticlint/osexitcheck/osexitcheck.go:30.47,31.30 1 1
github.com/ShvetsovYura/metrics-collector/cmd/staticlint/osexitcheck/osexitcheck.go:31.30,33.7 1 1
github.com/ShvetsovYura/metrics-collector/cmd/staticlint/osexitcheck/osexitcheck.go:36.4,36.15 1 1
github.com/ShvetsovYura/metrics-collector/cmd/staticlint/osexitcheck/osexitcheck.go:39.2,39.17 1 1
