mode: set
github.com/ShvetsovYura/metrics-collector/cmd/agent/main.go:15.13,19.41 4 0
github.com/ShvetsovYura/metrics-collector/cmd/agent/main.go:19.41,21.3 1 0
github.com/ShvetsovYura/metrics-collector/cmd/agent/main.go:23.2,28.12 5 0
github.com/ShvetsovYura/metrics-collector/cmd/server/main.go:12.13,18.41 4 0
github.com/ShvetsovYura/metrics-collector/cmd/server/main.go:18.41,20.3 1 0
github.com/ShvetsovYura/metrics-collector/cmd/server/main.go:21.2,26.37 6 0
github.com/ShvetsovYura/metrics-collector/cmd/server/main.go:26.37,27.13 1 0
github.com/ShvetsovYura/metrics-collector/cmd/agent/main.go:15.13,19.41 4 0
github.com/ShvetsovYura/metrics-collector/cmd/agent/main.go:19.41,21.3 1 0
github.com/ShvetsovYura/metrics-collector/cmd/agent/main.go:23.2,28.12 5 0
github.com/ShvetsovYura/metrics-collector/cmd/server/main.go:12.13,18.41 4 0
github.com/ShvetsovYura/metrics-collector/cmd/server/main.go:18.41,20.3 1 0
github.com/ShvetsovYura/metrics-collector/cmd/server/main.go:21.2,26.37 6 0
github.com/ShvetsovYura/metrics-collector/cmd/server/main.go:26.37,27.13 1 0
github.com/ShvetsovYura/metrics-collector/internal/agent/agent.go:37.63,42.2 1 0
github.com/ShvetsovYura/metrics-collector/internal/agent/agent.go:44.42,52.2 6 0
github.com/ShvetsovYura/metrics-collector/internal/agent/agent.go:54.73,57.6 3 0
github.com/ShvetsovYura/metrics-collector/internal/agent/agent.go:57.6,58.10 1 0
github.com/ShvetsovYura/metrics-collector/internal/agent/agent.go:59.21,61.10 2 0
github.com/ShvetsovYura/metrics-collector/internal/agent/agent.go:62.26,66.37 4 0
github.com/ShvetsovYura/metrics-collector/internal/agent/agent.go:71.70,76.6 4 0
github.com/ShvetsovYura/metrics-collector/internal/agent/agent.go:76.6,77.10 1 0
github.com/ShvetsovYura/metrics-collector/internal/agent/agent.go:78.21,81.10 3 0
github.com/ShvetsovYura/metrics-collector/internal/agent/agent.go:82.23,85.32 3 0
github.com/ShvetsovYura/metrics-collector/internal/agent/agent.go:85.32,87.5 1 0
github.com/ShvetsovYura/metrics-collector/internal/agent/agent.go:88.4,89.32 2 0
github.com/ShvetsovYura/metrics-collector/internal/agent/agent.go:89.32,90.41 1 0
github.com/ShvetsovYura/metrics-collector/internal/agent/agent.go:90.41,92.6 1 0
github.com/ShvetsovYura/metrics-collector/internal/agent/agent.go:93.10,94.46 1 0
github.com/ShvetsovYura/metrics-collector/internal/agent/agent.go:94.46,96.6 1 0
github.com/ShvetsovYura/metrics-collector/internal/agent/agent.go:98.4,98.31 1 0
github.com/ShvetsovYura/metrics-collector/internal/agent/agent.go:103.55,104.23 1 0
github.com/ShvetsovYura/metrics-collector/internal/agent/agent.go:104.23,107.31 3 0
github.com/ShvetsovYura/metrics-collector/internal/agent/agent.go:107.31,117.4 1 0
github.com/ShvetsovYura/metrics-collector/internal/agent/agent.go:118.3,118.33 1 0
github.com/ShvetsovYura/metrics-collector/internal/agent/agent.go:118.33,124.4 1 0
github.com/ShvetsovYura/metrics-collector/internal/agent/agent.go:126.3,126.60 1 0
github.com/ShvetsovYura/metrics-collector/internal/agent/agent.go:130.61,132.27 2 0
github.com/ShvetsovYura/metrics-collector/internal/agent/agent.go:132.27,134.3 1 0
github.com/ShvetsovYura/metrics-collector/internal/agent/agent.go:136.2,137.46 2 0
github.com/ShvetsovYura/metrics-collector/internal/agent/agent.go:137.46,139.3 1 0
github.com/ShvetsovYura/metrics-collector/internal/agent/agent.go:140.2,146.15 2 0
github.com/ShvetsovYura/metrics-collector/internal/agent/agent.go:148.63,150.2 1 1
github.com/ShvetsovYura/metrics-collector/internal/agent/agent.go:152.78,155.12 2 1
github.com/ShvetsovYura/metrics-collector/internal/agent/agent.go:155.12,187.3 31 1
github.com/ShvetsovYura/metrics-collector/internal/agent/agent.go:188.2,188.14 1 1
github.com/ShvetsovYura/metrics-collector/internal/agent/agent.go:192.88,195.12 2 0
github.com/ShvetsovYura/metrics-collector/internal/agent/agent.go:195.12,202.37 6 0
github.com/ShvetsovYura/metrics-collector/internal/agent/agent.go:202.37,204.4 1 0
github.com/ShvetsovYura/metrics-collector/internal/agent/agent.go:206.2,206.14 1 0
github.com/ShvetsovYura/metrics-collector/internal/agent/agent.go:209.90,213.30 3 0
github.com/ShvetsovYura/metrics-collector/internal/agent/agent.go:213.30,216.13 3 0
github.com/ShvetsovYura/metrics-collector/internal/agent/agent.go:216.13,218.32 2 0
github.com/ShvetsovYura/metrics-collector/internal/agent/agent.go:218.32,219.12 1 0
github.com/ShvetsovYura/metrics-collector/internal/agent/agent.go:220.23,221.12 1 0
github.com/ShvetsovYura/metrics-collector/internal/agent/agent.go:222.27,222.27 0 0
github.com/ShvetsovYura/metrics-collector/internal/agent/agent.go:228.2,228.12 1 0
github.com/ShvetsovYura/metrics-collector/internal/agent/agent.go:228.12,231.3 2 0
github.com/ShvetsovYura/metrics-collector/internal/agent/agent.go:232.2,232.17 1 0
github.com/ShvetsovYura/metrics-collector/internal/agent/options.go:18.36,25.2 6 0
github.com/ShvetsovYura/metrics-collector/internal/agent/options.go:26.42,27.37 1 0
github.com/ShvetsovYura/metrics-collector/internal/agent/options.go:27.37,29.3 1 0
github.com/ShvetsovYura/metrics-collector/internal/agent/options.go:30.2,30.12 1 0
github.com/ShvetsovYura/metrics-collector/internal/agent/utils.go:12.81,15.75 3 0
github.com/ShvetsovYura/metrics-collector/internal/agent/utils.go:15.75,19.17 3 0
github.com/ShvetsovYura/metrics-collector/internal/agent/utils.go:19.17,21.4 1 0
github.com/ShvetsovYura/metrics-collector/internal/agent/utils.go:23.3,23.14 1 0
github.com/ShvetsovYura/metrics-collector/internal/agent/utils.go:25.8,28.3 2 0
github.com/ShvetsovYura/metrics-collector/internal/agent/utils.go:30.2,31.16 2 0
github.com/ShvetsovYura/metrics-collector/internal/agent/utils.go:31.16,33.3 1 0
github.com/ShvetsovYura/metrics-collector/internal/agent/utils.go:35.2,38.15 4 0
github.com/ShvetsovYura/metrics-collector/internal/agent/utils.go:38.15,41.3 2 0
github.com/ShvetsovYura/metrics-collector/internal/agent/utils.go:42.2,44.16 3 0
github.com/ShvetsovYura/metrics-collector/internal/agent/utils.go:44.16,46.3 1 0
github.com/ShvetsovYura/metrics-collector/internal/agent/utils.go:47.2,48.12 2 0
github.com/ShvetsovYura/metrics-collector/internal/handlers/handlers.go:20.60,21.54 1 0
github.com/ShvetsovYura/metrics-collector/internal/handlers/handlers.go:21.54,26.16 5 0
github.com/ShvetsovYura/metrics-collector/internal/handlers/handlers.go:27.29,29.18 2 0
github.com/ShvetsovYura/metrics-collector/internal/handlers/handlers.go:29.18,32.5 2 0
github.com/ShvetsovYura/metrics-collector/internal/handlers/handlers.go:33.4,33.37 1 0
github.com/ShvetsovYura/metrics-collector/internal/handlers/handlers.go:35.31,37.18 2 0
github.com/ShvetsovYura/metrics-collector/internal/handlers/handlers.go:37.18,40.5 2 0
github.com/ShvetsovYura/metrics-collector/internal/handlers/handlers.go:41.4,41.39 1 0
github.com/ShvetsovYura/metrics-collector/internal/handlers/handlers.go:43.11,44.40 1 0
github.com/ShvetsovYura/metrics-collector/internal/handlers/handlers.go:47.3,47.31 1 0
github.com/ShvetsovYura/metrics-collector/internal/handlers/handlers.go:51.62,52.54 1 0
github.com/ShvetsovYura/metrics-collector/internal/handlers/handlers.go:52.54,57.16 4 0
github.com/ShvetsovYura/metrics-collector/internal/handlers/handlers.go:58.29,60.18 2 0
github.com/ShvetsovYura/metrics-collector/internal/handlers/handlers.go:60.18,63.5 2 0
github.com/ShvetsovYura/metrics-collector/internal/handlers/handlers.go:64.4,65.32 2 0
github.com/ShvetsovYura/metrics-collector/internal/handlers/handlers.go:67.31,69.18 2 0
github.com/ShvetsovYura/metrics-collector/internal/handlers/handlers.go:69.18,72.5 2 0
github.com/ShvetsovYura/metrics-collector/internal/handlers/handlers.go:73.4,74.32 2 0
github.com/ShvetsovYura/metrics-collector/internal/handlers/handlers.go:76.11,78.10 2 0
github.com/ShvetsovYura/metrics-collector/internal/handlers/handlers.go:85.62,86.54 1 0
github.com/ShvetsovYura/metrics-collector/internal/handlers/handlers.go:86.54,91.17 4 0
github.com/ShvetsovYura/metrics-collector/internal/handlers/handlers.go:91.17,94.4 2 0
github.com/ShvetsovYura/metrics-collector/internal/handlers/handlers.go:96.3,99.47 3 0
github.com/ShvetsovYura/metrics-collector/internal/handlers/handlers.go:99.47,102.4 2 0
github.com/ShvetsovYura/metrics-collector/internal/handlers/handlers.go:103.3,103.86 1 0
github.com/ShvetsovYura/metrics-collector/internal/handlers/handlers.go:103.86,106.4 2 0
github.com/ShvetsovYura/metrics-collector/internal/handlers/handlers.go:108.3,111.18 3 0
github.com/ShvetsovYura/metrics-collector/internal/handlers/handlers.go:112.29,120.52 4 0
github.com/ShvetsovYura/metrics-collector/internal/handlers/handlers.go:122.31,130.52 4 0
github.com/ShvetsovYura/metrics-collector/internal/handlers/handlers.go:133.3,133.24 1 0
github.com/ShvetsovYura/metrics-collector/internal/handlers/handlers.go:133.24,136.4 2 0
github.com/ShvetsovYura/metrics-collector/internal/handlers/handlers.go:138.3,139.31 2 0
github.com/ShvetsovYura/metrics-collector/internal/handlers/handlers.go:143.70,144.54 1 0
github.com/ShvetsovYura/metrics-collector/internal/handlers/handlers.go:144.54,154.17 8 0
github.com/ShvetsovYura/metrics-collector/internal/handlers/handlers.go:154.17,156.4 1 0
github.com/ShvetsovYura/metrics-collector/internal/handlers/handlers.go:158.3,158.62 1 0
github.com/ShvetsovYura/metrics-collector/internal/handlers/handlers.go:158.62,160.4 1 0
github.com/ShvetsovYura/metrics-collector/internal/handlers/handlers.go:162.3,162.91 1 0
github.com/ShvetsovYura/metrics-collector/internal/handlers/handlers.go:162.91,165.4 2 0
github.com/ShvetsovYura/metrics-collector/internal/handlers/handlers.go:167.3,167.43 1 0
github.com/ShvetsovYura/metrics-collector/internal/handlers/handlers.go:167.43,169.18 2 0
github.com/ShvetsovYura/metrics-collector/internal/handlers/handlers.go:169.18,172.5 2 0
github.com/ShvetsovYura/metrics-collector/internal/handlers/handlers.go:174.4,179.18 2 0
github.com/ShvetsovYura/metrics-collector/internal/handlers/handlers.go:179.18,182.5 2 0
github.com/ShvetsovYura/metrics-collector/internal/handlers/handlers.go:183.4,183.16 1 0
github.com/ShvetsovYura/metrics-collector/internal/handlers/handlers.go:184.9,184.52 1 0
github.com/ShvetsovYura/metrics-collector/internal/handlers/handlers.go:184.52,191.18 3 0
github.com/ShvetsovYura/metrics-collector/internal/handlers/handlers.go:191.18,194.5 2 0
github.com/ShvetsovYura/metrics-collector/internal/handlers/handlers.go:195.4,195.16 1 0
github.com/ShvetsovYura/metrics-collector/internal/handlers/handlers.go:197.3,198.31 2 0
github.com/ShvetsovYura/metrics-collector/internal/handlers/handlers.go:203.70,204.54 1 0
github.com/ShvetsovYura/metrics-collector/internal/handlers/handlers.go:204.54,208.17 4 0
github.com/ShvetsovYura/metrics-collector/internal/handlers/handlers.go:208.17,211.4 2 0
github.com/ShvetsovYura/metrics-collector/internal/handlers/handlers.go:212.3,213.31 2 0
github.com/ShvetsovYura/metrics-collector/internal/handlers/handlers.go:217.54,218.54 1 0
github.com/ShvetsovYura/metrics-collector/internal/handlers/handlers.go:218.54,221.17 3 0
github.com/ShvetsovYura/metrics-collector/internal/handlers/handlers.go:221.17,224.4 2 0
github.com/ShvetsovYura/metrics-collector/internal/handlers/handlers.go:226.3,226.31 1 0
github.com/ShvetsovYura/metrics-collector/internal/handlers/handlers.go:230.65,231.54 1 0
github.com/ShvetsovYura/metrics-collector/internal/handlers/handlers.go:231.54,236.17 4 0
github.com/ShvetsovYura/metrics-collector/internal/handlers/handlers.go:236.17,239.4 2 0
github.com/ShvetsovYura/metrics-collector/internal/handlers/handlers.go:240.3,243.22 3 0
github.com/ShvetsovYura/metrics-collector/internal/handlers/handlers.go:243.22,246.4 2 0
github.com/ShvetsovYura/metrics-collector/internal/handlers/handlers.go:248.3,251.36 3 0
github.com/ShvetsovYura/metrics-collector/internal/handlers/handlers.go:251.36,252.21 1 0
github.com/ShvetsovYura/metrics-collector/internal/handlers/handlers.go:253.30,254.46 1 0
github.com/ShvetsovYura/metrics-collector/internal/handlers/handlers.go:255.32,258.38 2 0
github.com/ShvetsovYura/metrics-collector/internal/handlers/handlers.go:258.38,260.6 1 0
github.com/ShvetsovYura/metrics-collector/internal/handlers/handlers.go:260.11,262.6 1 0
github.com/ShvetsovYura/metrics-collector/internal/handlers/handlers.go:266.3,269.31 3 0
github.com/ShvetsovYura/metrics-collector/internal/handlers/routes.go:34.53,61.2 17 0
github.com/ShvetsovYura/metrics-collector/internal/logger/http_logger.go:11.22,19.2 1 0
github.com/ShvetsovYura/metrics-collector/internal/logger/logger.go:7.37,10.16 2 0
github.com/ShvetsovYura/metrics-collector/internal/logger/logger.go:10.16,12.3 1 0
github.com/ShvetsovYura/metrics-collector/internal/logger/logger.go:14.2,17.16 4 0
github.com/ShvetsovYura/metrics-collector/internal/logger/logger.go:17.16,19.3 1 0
github.com/ShvetsovYura/metrics-collector/internal/logger/logger.go:20.2,21.12 2 0
github.com/ShvetsovYura/metrics-collector/internal/middlewares/compress_reader.go:15.66,17.16 2 0
github.com/ShvetsovYura/metrics-collector/internal/middlewares/compress_reader.go:17.16,19.3 1 0
github.com/ShvetsovYura/metrics-collector/internal/middlewares/compress_reader.go:21.2,24.8 1 0
github.com/ShvetsovYura/metrics-collector/internal/middlewares/compress_reader.go:27.60,29.2 1 0
github.com/ShvetsovYura/metrics-collector/internal/middlewares/compress_reader.go:31.40,32.36 1 0
github.com/ShvetsovYura/metrics-collector/internal/middlewares/compress_reader.go:32.36,34.3 1 0
github.com/ShvetsovYura/metrics-collector/internal/middlewares/compress_reader.go:35.2,35.21 1 0
github.com/ShvetsovYura/metrics-collector/internal/middlewares/compress_reader.go:38.55,39.71 1 0
github.com/ShvetsovYura/metrics-collector/internal/middlewares/compress_reader.go:39.71,43.16 3 0
github.com/ShvetsovYura/metrics-collector/internal/middlewares/compress_reader.go:43.16,45.18 2 0
github.com/ShvetsovYura/metrics-collector/internal/middlewares/compress_reader.go:45.18,48.5 2 0
github.com/ShvetsovYura/metrics-collector/internal/middlewares/compress_reader.go:49.4,50.20 2 0
github.com/ShvetsovYura/metrics-collector/internal/middlewares/compress_reader.go:53.3,53.23 1 0
github.com/ShvetsovYura/metrics-collector/internal/middlewares/hash_checker.go:13.78,14.46 1 0
github.com/ShvetsovYura/metrics-collector/internal/middlewares/hash_checker.go:14.46,15.54 1 0
github.com/ShvetsovYura/metrics-collector/internal/middlewares/hash_checker.go:15.54,17.18 2 0
github.com/ShvetsovYura/metrics-collector/internal/middlewares/hash_checker.go:17.18,20.5 2 0
github.com/ShvetsovYura/metrics-collector/internal/middlewares/hash_checker.go:21.4,22.37 2 0
github.com/ShvetsovYura/metrics-collector/internal/middlewares/hash_checker.go:22.37,24.27 2 0
github.com/ShvetsovYura/metrics-collector/internal/middlewares/hash_checker.go:24.27,28.6 3 0
github.com/ShvetsovYura/metrics-collector/internal/middlewares/hash_checker.go:30.4,31.24 2 0
github.com/ShvetsovYura/metrics-collector/internal/middlewares/hash_checker.go:33.3,33.30 1 0
github.com/ShvetsovYura/metrics-collector/internal/middlewares/hash_checker.go:43.51,46.2 2 0
github.com/ShvetsovYura/metrics-collector/internal/middlewares/hash_checker.go:47.37,48.40 1 0
github.com/ShvetsovYura/metrics-collector/internal/middlewares/hash_checker.go:48.40,50.3 1 0
github.com/ShvetsovYura/metrics-collector/internal/middlewares/hash_checker.go:51.2,51.79 1 0
github.com/ShvetsovYura/metrics-collector/internal/middlewares/hash_checker.go:54.72,55.46 1 0
github.com/ShvetsovYura/metrics-collector/internal/middlewares/hash_checker.go:55.46,56.72 1 0
github.com/ShvetsovYura/metrics-collector/internal/middlewares/hash_checker.go:56.72,58.17 2 0
github.com/ShvetsovYura/metrics-collector/internal/middlewares/hash_checker.go:58.17,68.5 3 0
github.com/ShvetsovYura/metrics-collector/internal/middlewares/hash_checker.go:69.4,69.25 1 0
github.com/ShvetsovYura/metrics-collector/internal/server/options.go:19.37,28.2 7 0
github.com/ShvetsovYura/metrics-collector/internal/server/options.go:30.43,31.37 1 0
github.com/ShvetsovYura/metrics-collector/internal/server/options.go:31.37,33.3 1 0
github.com/ShvetsovYura/metrics-collector/internal/server/options.go:34.2,34.12 1 0
github.com/ShvetsovYura/metrics-collector/internal/server/server.go:28.62,33.21 4 0
github.com/ShvetsovYura/metrics-collector/internal/server/server.go:33.21,35.32 2 0
github.com/ShvetsovYura/metrics-collector/internal/server/server.go:35.32,38.4 2 0
github.com/ShvetsovYura/metrics-collector/internal/server/server.go:38.9,42.4 3 0
github.com/ShvetsovYura/metrics-collector/internal/server/server.go:43.8,45.17 2 0
github.com/ShvetsovYura/metrics-collector/internal/server/server.go:45.17,47.4 1 0
github.com/ShvetsovYura/metrics-collector/internal/server/server.go:48.3,49.19 2 0
github.com/ShvetsovYura/metrics-collector/internal/server/server.go:51.2,60.3 1 0
github.com/ShvetsovYura/metrics-collector/internal/server/server.go:63.49,71.12 5 0
github.com/ShvetsovYura/metrics-collector/internal/server/server.go:71.12,74.7 2 0
github.com/ShvetsovYura/metrics-collector/internal/server/server.go:74.7,75.11 1 0
github.com/ShvetsovYura/metrics-collector/internal/server/server.go:76.22,84.19 5 0
github.com/ShvetsovYura/metrics-collector/internal/server/server.go:84.19,86.6 1 0
github.com/ShvetsovYura/metrics-collector/internal/server/server.go:87.5,87.11 1 0
github.com/ShvetsovYura/metrics-collector/internal/server/server.go:88.20,89.21 1 0
github.com/ShvetsovYura/metrics-collector/internal/server/server.go:93.2,95.12 3 0
github.com/ShvetsovYura/metrics-collector/internal/storage/db/db.go:17.74,19.16 2 0
github.com/ShvetsovYura/metrics-collector/internal/storage/db/db.go:19.16,22.3 2 0
github.com/ShvetsovYura/metrics-collector/internal/storage/db/db.go:23.2,24.22 2 0
github.com/ShvetsovYura/metrics-collector/internal/storage/db/db.go:24.22,26.3 1 0
github.com/ShvetsovYura/metrics-collector/internal/storage/db/db.go:28.2,28.38 1 0
github.com/ShvetsovYura/metrics-collector/internal/storage/db/db.go:31.76,53.2 2 0
github.com/ShvetsovYura/metrics-collector/internal/storage/db/db.go:55.84,62.16 2 0
github.com/ShvetsovYura/metrics-collector/internal/storage/db/db.go:62.16,64.3 1 0
github.com/ShvetsovYura/metrics-collector/internal/storage/db/db.go:65.2,66.12 2 0
github.com/ShvetsovYura/metrics-collector/internal/storage/db/db.go:69.84,78.2 3 0
github.com/ShvetsovYura/metrics-collector/internal/storage/db/db.go:80.90,86.16 6 0
github.com/ShvetsovYura/metrics-collector/internal/storage/db/db.go:86.16,88.3 1 0
github.com/ShvetsovYura/metrics-collector/internal/storage/db/db.go:89.2,89.35 1 0
github.com/ShvetsovYura/metrics-collector/internal/storage/db/db.go:92.86,98.16 6 0
github.com/ShvetsovYura/metrics-collector/internal/storage/db/db.go:98.16,100.3 1 0
github.com/ShvetsovYura/metrics-collector/internal/storage/db/db.go:101.2,101.33 1 0
github.com/ShvetsovYura/metrics-collector/internal/storage/db/db.go:104.84,106.16 2 0
github.com/ShvetsovYura/metrics-collector/internal/storage/db/db.go:106.16,108.3 1 0
github.com/ShvetsovYura/metrics-collector/internal/storage/db/db.go:109.2,110.16 2 0
github.com/ShvetsovYura/metrics-collector/internal/storage/db/db.go:110.16,112.3 1 0
github.com/ShvetsovYura/metrics-collector/internal/storage/db/db.go:113.2,115.18 2 0
github.com/ShvetsovYura/metrics-collector/internal/storage/db/db.go:115.18,120.17 4 0
github.com/ShvetsovYura/metrics-collector/internal/storage/db/db.go:120.17,122.4 1 0
github.com/ShvetsovYura/metrics-collector/internal/storage/db/db.go:124.3,124.37 1 0
github.com/ShvetsovYura/metrics-collector/internal/storage/db/db.go:126.2,126.20 1 0
github.com/ShvetsovYura/metrics-collector/internal/storage/db/db.go:129.88,131.16 2 0
github.com/ShvetsovYura/metrics-collector/internal/storage/db/db.go:131.16,133.3 1 0
github.com/ShvetsovYura/metrics-collector/internal/storage/db/db.go:134.2,135.16 2 0
github.com/ShvetsovYura/metrics-collector/internal/storage/db/db.go:135.16,137.3 1 0
github.com/ShvetsovYura/metrics-collector/internal/storage/db/db.go:138.2,140.18 2 0
github.com/ShvetsovYura/metrics-collector/internal/storage/db/db.go:140.18,145.17 4 0
github.com/ShvetsovYura/metrics-collector/internal/storage/db/db.go:145.17,147.4 1 0
github.com/ShvetsovYura/metrics-collector/internal/storage/db/db.go:149.3,149.41 1 0
github.com/ShvetsovYura/metrics-collector/internal/storage/db/db.go:152.2,152.22 1 0
github.com/ShvetsovYura/metrics-collector/internal/storage/db/db.go:155.66,158.16 3 0
github.com/ShvetsovYura/metrics-collector/internal/storage/db/db.go:158.16,160.3 1 0
github.com/ShvetsovYura/metrics-collector/internal/storage/db/db.go:161.2,161.22 1 0
github.com/ShvetsovYura/metrics-collector/internal/storage/db/db.go:161.22,163.3 1 0
github.com/ShvetsovYura/metrics-collector/internal/storage/db/db.go:164.2,165.16 2 0
github.com/ShvetsovYura/metrics-collector/internal/storage/db/db.go:165.16,167.3 1 0
github.com/ShvetsovYura/metrics-collector/internal/storage/db/db.go:168.2,168.22 1 0
github.com/ShvetsovYura/metrics-collector/internal/storage/db/db.go:168.22,170.3 1 0
github.com/ShvetsovYura/metrics-collector/internal/storage/db/db.go:171.2,171.18 1 0
github.com/ShvetsovYura/metrics-collector/internal/storage/db/db.go:174.52,176.16 2 0
github.com/ShvetsovYura/metrics-collector/internal/storage/db/db.go:176.16,178.3 1 0
github.com/ShvetsovYura/metrics-collector/internal/storage/db/db.go:179.2,179.12 1 0
github.com/ShvetsovYura/metrics-collector/internal/storage/db/db.go:182.95,186.27 4 0
github.com/ShvetsovYura/metrics-collector/internal/storage/db/db.go:186.27,192.3 2 0
github.com/ShvetsovYura/metrics-collector/internal/storage/db/db.go:193.2,196.16 4 0
github.com/ShvetsovYura/metrics-collector/internal/storage/db/db.go:196.16,198.3 1 0
github.com/ShvetsovYura/metrics-collector/internal/storage/db/db.go:199.2,199.12 1 0
github.com/ShvetsovYura/metrics-collector/internal/storage/db/db.go:202.101,210.16 4 0
github.com/ShvetsovYura/metrics-collector/internal/storage/db/db.go:210.16,212.3 1 0
github.com/ShvetsovYura/metrics-collector/internal/storage/db/db.go:213.2,214.29 2 0
github.com/ShvetsovYura/metrics-collector/internal/storage/db/db.go:214.29,216.17 2 0
github.com/ShvetsovYura/metrics-collector/internal/storage/db/db.go:216.17,218.4 1 0
github.com/ShvetsovYura/metrics-collector/internal/storage/db/db.go:219.3,220.17 2 0
github.com/ShvetsovYura/metrics-collector/internal/storage/db/db.go:220.17,222.4 1 0
github.com/ShvetsovYura/metrics-collector/internal/storage/db/db.go:224.2,224.23 1 0
github.com/ShvetsovYura/metrics-collector/internal/storage/db/db.go:227.33,229.2 1 0
github.com/ShvetsovYura/metrics-collector/internal/storage/db/db.go:231.55,233.2 1 0
github.com/ShvetsovYura/metrics-collector/internal/storage/file/file.go:38.110,41.24 2 0
github.com/ShvetsovYura/metrics-collector/internal/storage/file/file.go:41.24,43.3 1 0
github.com/ShvetsovYura/metrics-collector/internal/storage/file/file.go:44.2,50.13 2 0
github.com/ShvetsovYura/metrics-collector/internal/storage/file/file.go:50.13,52.3 1 0
github.com/ShvetsovYura/metrics-collector/internal/storage/file/file.go:53.2,53.10 1 0
github.com/ShvetsovYura/metrics-collector/internal/storage/file/file.go:56.89,58.2 1 0
github.com/ShvetsovYura/metrics-collector/internal/storage/file/file.go:60.88,61.65 1 0
github.com/ShvetsovYura/metrics-collector/internal/storage/file/file.go:61.65,63.3 1 0
github.com/ShvetsovYura/metrics-collector/internal/storage/file/file.go:64.2,65.12 2 0
github.com/ShvetsovYura/metrics-collector/internal/storage/file/file.go:68.88,69.67 1 0
github.com/ShvetsovYura/metrics-collector/internal/storage/file/file.go:69.67,71.3 1 0
github.com/ShvetsovYura/metrics-collector/internal/storage/file/file.go:72.2,73.12 2 0
github.com/ShvetsovYura/metrics-collector/internal/storage/file/file.go:76.93,78.2 1 0
github.com/ShvetsovYura/metrics-collector/internal/storage/file/file.go:80.70,82.2 1 0
github.com/ShvetsovYura/metrics-collector/internal/storage/file/file.go:84.89,86.16 2 0
github.com/ShvetsovYura/metrics-collector/internal/storage/file/file.go:86.16,88.3 1 0
github.com/ShvetsovYura/metrics-collector/internal/storage/file/file.go:89.2,94.16 4 0
github.com/ShvetsovYura/metrics-collector/internal/storage/file/file.go:94.16,96.3 1 0
github.com/ShvetsovYura/metrics-collector/internal/storage/file/file.go:98.2,99.12 2 0
github.com/ShvetsovYura/metrics-collector/internal/storage/file/file.go:102.83,106.16 3 0
github.com/ShvetsovYura/metrics-collector/internal/storage/file/file.go:106.16,108.3 1 0
github.com/ShvetsovYura/metrics-collector/internal/storage/file/file.go:110.2,111.17 2 0
github.com/ShvetsovYura/metrics-collector/internal/storage/file/file.go:111.17,113.3 1 0
github.com/ShvetsovYura/metrics-collector/internal/storage/file/file.go:115.2,118.17 3 0
github.com/ShvetsovYura/metrics-collector/internal/storage/file/file.go:118.17,120.3 1 0
github.com/ShvetsovYura/metrics-collector/internal/storage/file/file.go:121.2,122.36 2 0
github.com/ShvetsovYura/metrics-collector/internal/storage/file/file.go:126.34,127.20 1 0
github.com/ShvetsovYura/metrics-collector/internal/storage/file/file.go:127.20,129.3 1 0
github.com/ShvetsovYura/metrics-collector/internal/storage/file/file.go:132.78,135.27 3 0
github.com/ShvetsovYura/metrics-collector/internal/storage/file/file.go:135.27,137.3 1 0
github.com/ShvetsovYura/metrics-collector/internal/storage/file/file.go:138.2,138.10 1 0
github.com/ShvetsovYura/metrics-collector/internal/storage/file/file.go:141.78,144.29 3 0
github.com/ShvetsovYura/metrics-collector/internal/storage/file/file.go:144.29,146.3 1 0
github.com/ShvetsovYura/metrics-collector/internal/storage/file/file.go:147.2,147.10 1 0
github.com/ShvetsovYura/metrics-collector/internal/storage/file/file.go:150.37,157.16 6 0
github.com/ShvetsovYura/metrics-collector/internal/storage/file/file.go:157.16,159.3 1 0
github.com/ShvetsovYura/metrics-collector/internal/storage/file/file.go:160.2,161.12 2 0
github.com/ShvetsovYura/metrics-collector/internal/storage/file/file.go:164.59,166.16 2 0
github.com/ShvetsovYura/metrics-collector/internal/storage/file/file.go:166.16,168.3 1 0
github.com/ShvetsovYura/metrics-collector/internal/storage/file/file.go:170.2,173.12 3 0
github.com/ShvetsovYura/metrics-collector/internal/storage/file/file.go:176.56,178.2 1 0
github.com/ShvetsovYura/metrics-collector/internal/storage/file/file.go:180.99,183.2 2 0
github.com/ShvetsovYura/metrics-collector/internal/storage/file/file.go:185.105,188.2 2 0
github.com/ShvetsovYura/metrics-collector/internal/storage/memory/memory.go:22.50,28.2 2 0
github.com/ShvetsovYura/metrics-collector/internal/storage/memory/memory.go:30.84,35.2 4 0
github.com/ShvetsovYura/metrics-collector/internal/storage/memory/memory.go:37.80,38.27 1 0
github.com/ShvetsovYura/metrics-collector/internal/storage/memory/memory.go:38.27,40.3 1 0
github.com/ShvetsovYura/metrics-collector/internal/storage/memory/memory.go:43.82,44.29 1 0
github.com/ShvetsovYura/metrics-collector/internal/storage/memory/memory.go:44.29,46.3 1 0
github.com/ShvetsovYura/metrics-collector/internal/storage/memory/memory.go:49.84,54.2 4 0
github.com/ShvetsovYura/metrics-collector/internal/storage/memory/memory.go:56.87,57.41 1 0
github.com/ShvetsovYura/metrics-collector/internal/storage/memory/memory.go:57.41,59.3 1 0
github.com/ShvetsovYura/metrics-collector/internal/storage/memory/memory.go:59.8,61.3 1 0
github.com/ShvetsovYura/metrics-collector/internal/storage/memory/memory.go:64.91,65.42 1 0
github.com/ShvetsovYura/metrics-collector/internal/storage/memory/memory.go:65.42,67.3 1 0
github.com/ShvetsovYura/metrics-collector/internal/storage/memory/memory.go:67.8,69.3 1 0
github.com/ShvetsovYura/metrics-collector/internal/storage/memory/memory.go:72.77,74.2 1 0
github.com/ShvetsovYura/metrics-collector/internal/storage/memory/memory.go:76.81,78.2 1 0
github.com/ShvetsovYura/metrics-collector/internal/storage/memory/memory.go:80.68,83.35 2 0
github.com/ShvetsovYura/metrics-collector/internal/storage/memory/memory.go:83.35,85.3 1 0
github.com/ShvetsovYura/metrics-collector/internal/storage/memory/memory.go:86.2,86.36 1 0
github.com/ShvetsovYura/metrics-collector/internal/storage/memory/memory.go:86.36,88.3 1 0
github.com/ShvetsovYura/metrics-collector/internal/storage/memory/memory.go:89.2,89.18 1 0
github.com/ShvetsovYura/metrics-collector/internal/storage/memory/memory.go:92.54,94.2 1 0
github.com/ShvetsovYura/metrics-collector/internal/storage/memory/memory.go:96.97,98.2 1 0
github.com/ShvetsovYura/metrics-collector/internal/storage/memory/memory.go:99.102,101.2 1 0
github.com/ShvetsovYura/metrics-collector/internal/storage/memory/memory.go:102.35,104.2 1 0
github.com/ShvetsovYura/metrics-collector/internal/storage/memory/memory.go:105.57,107.2 1 0
github.com/ShvetsovYura/metrics-collector/internal/storage/metric/metric.go:8.34,10.2 1 0
github.com/ShvetsovYura/metrics-collector/internal/storage/metric/metric.go:11.39,14.2 2 0
github.com/ShvetsovYura/metrics-collector/internal/storage/metric/metric.go:16.36,18.2 1 0
github.com/ShvetsovYura/metrics-collector/internal/storage/metric/metric.go:20.39,23.2 2 0
github.com/ShvetsovYura/metrics-collector/internal/util/util.go:8.42,9.24 1 0
github.com/ShvetsovYura/metrics-collector/internal/util/util.go:9.24,10.15 1 0
github.com/ShvetsovYura/metrics-collector/internal/util/util.go:10.15,12.4 1 0
github.com/ShvetsovYura/metrics-collector/internal/util/util.go:14.2,14.14 1 0
github.com/ShvetsovYura/metrics-collector/internal/util/util.go:17.44,22.2 4 0
github.com/ShvetsovYura/metrics-collector/internal/logger/http_logger.go:11.22,19.2 1 0
github.com/ShvetsovYura/metrics-collector/internal/logger/logger.go:7.37,10.16 2 0
github.com/ShvetsovYura/metrics-collector/internal/logger/logger.go:10.16,12.3 1 0
github.com/ShvetsovYura/metrics-collector/internal/logger/logger.go:14.2,17.16 4 0
github.com/ShvetsovYura/metrics-collector/internal/logger/logger.go:17.16,19.3 1 0
github.com/ShvetsovYura/metrics-collector/internal/logger/logger.go:20.2,21.12 2 0
github.com/ShvetsovYura/metrics-collector/internal/middlewares/compress_reader.go:15.66,17.16 2 0
github.com/ShvetsovYura/metrics-collector/internal/middlewares/compress_reader.go:17.16,19.3 1 0
github.com/ShvetsovYura/metrics-collector/internal/middlewares/compress_reader.go:21.2,24.8 1 0
github.com/ShvetsovYura/metrics-collector/internal/middlewares/compress_reader.go:27.60,29.2 1 0
github.com/ShvetsovYura/metrics-collector/internal/middlewares/compress_reader.go:31.40,32.36 1 0
github.com/ShvetsovYura/metrics-collector/internal/middlewares/compress_reader.go:32.36,34.3 1 0
github.com/ShvetsovYura/metrics-collector/internal/middlewares/compress_reader.go:35.2,35.21 1 0
github.com/ShvetsovYura/metrics-collector/internal/middlewares/compress_reader.go:38.55,39.71 1 0
github.com/ShvetsovYura/metrics-collector/internal/middlewares/compress_reader.go:39.71,43.16 3 0
github.com/ShvetsovYura/metrics-collector/internal/middlewares/compress_reader.go:43.16,45.18 2 0
github.com/ShvetsovYura/metrics-collector/internal/middlewares/compress_reader.go:45.18,48.5 2 0
github.com/ShvetsovYura/metrics-collector/internal/middlewares/compress_reader.go:49.4,50.20 2 0
github.com/ShvetsovYura/metrics-collector/internal/middlewares/compress_reader.go:53.3,53.23 1 0
github.com/ShvetsovYura/metrics-collector/internal/middlewares/hash_checker.go:13.78,14.46 1 0
github.com/ShvetsovYura/metrics-collector/internal/middlewares/hash_checker.go:14.46,15.54 1 0
github.com/ShvetsovYura/metrics-collector/internal/middlewares/hash_checker.go:15.54,17.18 2 0
github.com/ShvetsovYura/metrics-collector/internal/middlewares/hash_checker.go:17.18,20.5 2 0
github.com/ShvetsovYura/metrics-collector/internal/middlewares/hash_checker.go:21.4,22.37 2 0
github.com/ShvetsovYura/metrics-collector/internal/middlewares/hash_checker.go:22.37,24.27 2 0
github.com/ShvetsovYura/metrics-collector/internal/middlewares/hash_checker.go:24.27,28.6 3 0
github.com/ShvetsovYura/metrics-collector/internal/middlewares/hash_checker.go:30.4,31.24 2 0
github.com/ShvetsovYura/metrics-collector/internal/middlewares/hash_checker.go:33.3,33.30 1 0
github.com/ShvetsovYura/metrics-collector/internal/middlewares/hash_checker.go:43.51,46.2 2 0
github.com/ShvetsovYura/metrics-collector/internal/middlewares/hash_checker.go:47.37,48.40 1 0
github.com/ShvetsovYura/metrics-collector/internal/middlewares/hash_checker.go:48.40,50.3 1 0
github.com/ShvetsovYura/metrics-collector/internal/middlewares/hash_checker.go:51.2,51.79 1 0
github.com/ShvetsovYura/metrics-collector/internal/middlewares/hash_checker.go:54.72,55.46 1 0
github.com/ShvetsovYura/metrics-collector/internal/middlewares/hash_checker.go:55.46,56.72 1 0
github.com/ShvetsovYura/metrics-collector/internal/middlewares/hash_checker.go:56.72,58.17 2 0
github.com/ShvetsovYura/metrics-collector/internal/middlewares/hash_checker.go:58.17,68.5 3 0
github.com/ShvetsovYura/metrics-collector/internal/middlewares/hash_checker.go:69.4,69.25 1 0
github.com/ShvetsovYura/metrics-collector/internal/server/options.go:19.37,28.2 7 0
github.com/ShvetsovYura/metrics-collector/internal/server/options.go:30.43,31.37 1 0
github.com/ShvetsovYura/metrics-collector/internal/server/options.go:31.37,33.3 1 0
github.com/ShvetsovYura/metrics-collector/internal/server/options.go:34.2,34.12 1 0
github.com/ShvetsovYura/metrics-collector/internal/server/server.go:28.62,33.21 4 0
github.com/ShvetsovYura/metrics-collector/internal/server/server.go:33.21,35.32 2 0
github.com/ShvetsovYura/metrics-collector/internal/server/server.go:35.32,38.4 2 0
github.com/ShvetsovYura/metrics-collector/internal/server/server.go:38.9,42.4 3 0
github.com/ShvetsovYura/metrics-collector/internal/server/server.go:43.8,45.17 2 0
github.com/ShvetsovYura/metrics-collector/internal/server/server.go:45.17,47.4 1 0
github.com/ShvetsovYura/metrics-collector/internal/server/server.go:48.3,49.19 2 0
github.com/ShvetsovYura/metrics-collector/internal/server/server.go:51.2,60.3 1 0
github.com/ShvetsovYura/metrics-collector/internal/server/server.go:63.49,71.12 5 0
github.com/ShvetsovYura/metrics-collector/internal/server/server.go:71.12,74.7 2 0
github.com/ShvetsovYura/metrics-collector/internal/server/server.go:74.7,75.11 1 0
github.com/ShvetsovYura/metrics-collector/internal/server/server.go:76.22,84.19 5 0
github.com/ShvetsovYura/metrics-collector/internal/server/server.go:84.19,86.6 1 0
github.com/ShvetsovYura/metrics-collector/internal/server/server.go:87.5,87.11 1 0
github.com/ShvetsovYura/metrics-collector/internal/server/server.go:88.20,89.21 1 0
github.com/ShvetsovYura/metrics-collector/internal/server/server.go:93.2,95.12 3 0
github.com/ShvetsovYura/metrics-collector/cmd/agent/main.go:15.13,19.41 4 0
github.com/ShvetsovYura/metrics-collector/cmd/agent/main.go:19.41,21.3 1 0
github.com/ShvetsovYura/metrics-collector/cmd/agent/main.go:23.2,28.12 5 0
github.com/ShvetsovYura/metrics-collector/cmd/server/main.go:12.13,18.41 4 0
github.com/ShvetsovYura/metrics-collector/cmd/server/main.go:18.41,20.3 1 0
github.com/ShvetsovYura/metrics-collector/cmd/server/main.go:21.2,26.37 6 0
github.com/ShvetsovYura/metrics-collector/cmd/server/main.go:26.37,27.13 1 0
github.com/ShvetsovYura/metrics-collector/internal/agent/agent.go:37.63,42.2 1 0
github.com/ShvetsovYura/metrics-collector/internal/agent/agent.go:44.42,52.2 6 0
github.com/ShvetsovYura/metrics-collector/internal/agent/agent.go:54.73,57.6 3 0
github.com/ShvetsovYura/metrics-collector/internal/agent/agent.go:57.6,58.10 1 0
github.com/ShvetsovYura/metrics-collector/internal/agent/agent.go:59.21,61.10 2 0
github.com/ShvetsovYura/metrics-collector/internal/agent/agent.go:62.26,66.37 4 0
github.com/ShvetsovYura/metrics-collector/internal/agent/agent.go:71.70,76.6 4 0
github.com/ShvetsovYura/metrics-collector/internal/agent/agent.go:76.6,77.10 1 0
github.com/ShvetsovYura/metrics-collector/internal/agent/agent.go:78.21,81.10 3 0
github.com/ShvetsovYura/metrics-collector/internal/agent/agent.go:82.23,85.32 3 0
github.com/ShvetsovYura/metrics-collector/internal/agent/agent.go:85.32,87.5 1 0
github.com/ShvetsovYura/metrics-collector/internal/agent/agent.go:88.4,89.32 2 0
github.com/ShvetsovYura/metrics-collector/internal/agent/agent.go:89.32,90.41 1 0
github.com/ShvetsovYura/metrics-collector/internal/agent/agent.go:90.41,92.6 1 0
github.com/ShvetsovYura/metrics-collector/internal/agent/agent.go:93.10,94.46 1 0
github.com/ShvetsovYura/metrics-collector/internal/agent/agent.go:94.46,96.6 1 0
github.com/ShvetsovYura/metrics-collector/internal/agent/agent.go:98.4,98.31 1 0
github.com/ShvetsovYura/metrics-collector/internal/agent/agent.go:103.55,104.23 1 0
github.com/ShvetsovYura/metrics-collector/internal/agent/agent.go:104.23,107.31 3 0
github.com/ShvetsovYura/metrics-collector/internal/agent/agent.go:107.31,117.4 1 0
github.com/ShvetsovYura/metrics-collector/internal/agent/agent.go:118.3,118.33 1 0
github.com/ShvetsovYura/metrics-collector/internal/agent/agent.go:118.33,124.4 1 0
github.com/ShvetsovYura/metrics-collector/internal/agent/agent.go:126.3,126.60 1 0
github.com/ShvetsovYura/metrics-collector/internal/agent/agent.go:130.61,132.27 2 0
github.com/ShvetsovYura/metrics-collector/internal/agent/agent.go:132.27,134.3 1 0
github.com/ShvetsovYura/metrics-collector/internal/agent/agent.go:136.2,137.46 2 0
github.com/ShvetsovYura/metrics-collector/internal/agent/agent.go:137.46,139.3 1 0
github.com/ShvetsovYura/metrics-collector/internal/agent/agent.go:140.2,146.15 2 0
github.com/ShvetsovYura/metrics-collector/internal/agent/agent.go:148.63,150.2 1 0
github.com/ShvetsovYura/metrics-collector/internal/agent/agent.go:152.78,155.12 2 0
github.com/ShvetsovYura/metrics-collector/internal/agent/agent.go:155.12,187.3 31 0
github.com/ShvetsovYura/metrics-collector/internal/agent/agent.go:188.2,188.14 1 0
github.com/ShvetsovYura/metrics-collector/internal/agent/agent.go:192.88,195.12 2 0
github.com/ShvetsovYura/metrics-collector/internal/agent/agent.go:195.12,202.37 6 0
github.com/ShvetsovYura/metrics-collector/internal/agent/agent.go:202.37,204.4 1 0
github.com/ShvetsovYura/metrics-collector/internal/agent/agent.go:206.2,206.14 1 0
github.com/ShvetsovYura/metrics-collector/internal/agent/agent.go:209.90,213.30 3 0
github.com/ShvetsovYura/metrics-collector/internal/agent/agent.go:213.30,216.13 3 0
github.com/ShvetsovYura/metrics-collector/internal/agent/agent.go:216.13,218.32 2 0
github.com/ShvetsovYura/metrics-collector/internal/agent/agent.go:218.32,219.12 1 0
github.com/ShvetsovYura/metrics-collector/internal/agent/agent.go:220.23,221.12 1 0
github.com/ShvetsovYura/metrics-collector/internal/agent/agent.go:222.27,222.27 0 0
github.com/ShvetsovYura/metrics-collector/internal/agent/agent.go:228.2,228.12 1 0
github.com/ShvetsovYura/metrics-collector/internal/agent/agent.go:228.12,231.3 2 0
github.com/ShvetsovYura/metrics-collector/internal/agent/agent.go:232.2,232.17 1 0
github.com/ShvetsovYura/metrics-collector/internal/agent/options.go:18.36,25.2 6 0
github.com/ShvetsovYura/metrics-collector/internal/agent/options.go:26.42,27.37 1 0
github.com/ShvetsovYura/metrics-collector/internal/agent/options.go:27.37,29.3 1 0
github.com/ShvetsovYura/metrics-collector/internal/agent/options.go:30.2,30.12 1 0
github.com/ShvetsovYura/metrics-collector/internal/agent/utils.go:12.81,15.75 3 0
github.com/ShvetsovYura/metrics-collector/internal/agent/utils.go:15.75,19.17 3 0
github.com/ShvetsovYura/metrics-collector/internal/agent/utils.go:19.17,21.4 1 0
github.com/ShvetsovYura/metrics-collector/internal/agent/utils.go:23.3,23.14 1 0
github.com/ShvetsovYura/metrics-collector/internal/agent/utils.go:25.8,28.3 2 0
github.com/ShvetsovYura/metrics-collector/internal/agent/utils.go:30.2,31.16 2 0
github.com/ShvetsovYura/metrics-collector/internal/agent/utils.go:31.16,33.3 1 0
github.com/ShvetsovYura/metrics-collector/internal/agent/utils.go:35.2,38.15 4 0
github.com/ShvetsovYura/metrics-collector/internal/agent/utils.go:38.15,41.3 2 0
github.com/ShvetsovYura/metrics-collector/internal/agent/utils.go:42.2,44.16 3 0
github.com/ShvetsovYura/metrics-collector/internal/agent/utils.go:44.16,46.3 1 0
github.com/ShvetsovYura/metrics-collector/internal/agent/utils.go:47.2,48.12 2 0
github.com/ShvetsovYura/metrics-collector/internal/handlers/handlers.go:20.60,21.54 1 1
github.com/ShvetsovYura/metrics-collector/internal/handlers/handlers.go:21.54,26.16 5 1
github.com/ShvetsovYura/metrics-collector/internal/handlers/handlers.go:27.29,29.18 2 1
github.com/ShvetsovYura/metrics-collector/internal/handlers/handlers.go:29.18,32.5 2 1
github.com/ShvetsovYura/metrics-collector/internal/handlers/handlers.go:33.4,33.37 1 1
github.com/ShvetsovYura/metrics-collector/internal/handlers/handlers.go:35.31,37.18 2 1
github.com/ShvetsovYura/metrics-collector/internal/handlers/handlers.go:37.18,40.5 2 1
github.com/ShvetsovYura/metrics-collector/internal/handlers/handlers.go:41.4,41.39 1 1
github.com/ShvetsovYura/metrics-collector/internal/handlers/handlers.go:43.11,44.40 1 1
github.com/ShvetsovYura/metrics-collector/internal/handlers/handlers.go:47.3,47.31 1 1
github.com/ShvetsovYura/metrics-collector/internal/handlers/handlers.go:51.62,52.54 1 1
github.com/ShvetsovYura/metrics-collector/internal/handlers/handlers.go:52.54,57.16 4 1
github.com/ShvetsovYura/metrics-collector/internal/handlers/handlers.go:58.29,60.18 2 1
github.com/ShvetsovYura/metrics-collector/internal/handlers/handlers.go:60.18,63.5 2 1
github.com/ShvetsovYura/metrics-collector/internal/handlers/handlers.go:64.4,65.32 2 1
github.com/ShvetsovYura/metrics-collector/internal/handlers/handlers.go:67.31,69.18 2 1
github.com/ShvetsovYura/metrics-collector/internal/handlers/handlers.go:69.18,72.5 2 0
github.com/ShvetsovYura/metrics-collector/internal/handlers/handlers.go:73.4,74.32 2 1
github.com/ShvetsovYura/metrics-collector/internal/handlers/handlers.go:76.11,78.10 2 1
github.com/ShvetsovYura/metrics-collector/internal/handlers/handlers.go:85.62,86.54 1 1
github.com/ShvetsovYura/metrics-collector/internal/handlers/handlers.go:86.54,91.17 4 1
github.com/ShvetsovYura/metrics-collector/internal/handlers/handlers.go:91.17,94.4 2 0
github.com/ShvetsovYura/metrics-collector/internal/handlers/handlers.go:96.3,99.47 3 1
github.com/ShvetsovYura/metrics-collector/internal/handlers/handlers.go:99.47,102.4 2 1
github.com/ShvetsovYura/metrics-collector/internal/handlers/handlers.go:103.3,103.86 1 1
github.com/ShvetsovYura/metrics-collector/internal/handlers/handlers.go:103.86,106.4 2 1
github.com/ShvetsovYura/metrics-collector/internal/handlers/handlers.go:108.3,111.18 3 1
github.com/ShvetsovYura/metrics-collector/internal/handlers/handlers.go:112.29,120.52 4 1
github.com/ShvetsovYura/metrics-collector/internal/handlers/handlers.go:122.31,130.52 4 1
github.com/ShvetsovYura/metrics-collector/internal/handlers/handlers.go:133.3,133.24 1 1
github.com/ShvetsovYura/metrics-collector/internal/handlers/handlers.go:133.24,136.4 2 0
github.com/ShvetsovYura/metrics-collector/internal/handlers/handlers.go:138.3,139.31 2 1
github.com/ShvetsovYura/metrics-collector/internal/handlers/handlers.go:143.70,144.54 1 1
github.com/ShvetsovYura/metrics-collector/internal/handlers/handlers.go:144.54,154.17 8 1
github.com/ShvetsovYura/metrics-collector/internal/handlers/handlers.go:154.17,156.4 1 0
github.com/ShvetsovYura/metrics-collector/internal/handlers/handlers.go:158.3,158.62 1 1
github.com/ShvetsovYura/metrics-collector/internal/handlers/handlers.go:158.62,160.4 1 0
github.com/ShvetsovYura/metrics-collector/internal/handlers/handlers.go:162.3,162.91 1 1
github.com/ShvetsovYura/metrics-collector/internal/handlers/handlers.go:162.91,165.4 2 0
github.com/ShvetsovYura/metrics-collector/internal/handlers/handlers.go:167.3,167.43 1 1
github.com/ShvetsovYura/metrics-collector/internal/handlers/handlers.go:167.43,169.18 2 1
github.com/ShvetsovYura/metrics-collector/internal/handlers/handlers.go:169.18,172.5 2 1
github.com/ShvetsovYura/metrics-collector/internal/handlers/handlers.go:174.4,179.18 2 1
github.com/ShvetsovYura/metrics-collector/internal/handlers/handlers.go:179.18,182.5 2 0
github.com/ShvetsovYura/metrics-collector/internal/handlers/handlers.go:183.4,183.16 1 1
github.com/ShvetsovYura/metrics-collector/internal/handlers/handlers.go:184.9,184.52 1 1
github.com/ShvetsovYura/metrics-collector/internal/handlers/handlers.go:184.52,191.18 3 1
github.com/ShvetsovYura/metrics-collector/internal/handlers/handlers.go:191.18,194.5 2 0
github.com/ShvetsovYura/metrics-collector/internal/handlers/handlers.go:195.4,195.16 1 1
github.com/ShvetsovYura/metrics-collector/internal/handlers/handlers.go:197.3,198.31 2 1
github.com/ShvetsovYura/metrics-collector/internal/handlers/handlers.go:203.70,204.54 1 1
github.com/ShvetsovYura/metrics-collector/internal/handlers/handlers.go:204.54,208.17 4 1
github.com/ShvetsovYura/metrics-collector/internal/handlers/handlers.go:208.17,211.4 2 0
github.com/ShvetsovYura/metrics-collector/internal/handlers/handlers.go:212.3,213.31 2 1
github.com/ShvetsovYura/metrics-collector/internal/handlers/handlers.go:217.54,218.54 1 1
github.com/ShvetsovYura/metrics-collector/internal/handlers/handlers.go:218.54,221.17 3 0
github.com/ShvetsovYura/metrics-collector/internal/handlers/handlers.go:221.17,224.4 2 0
github.com/ShvetsovYura/metrics-collector/internal/handlers/handlers.go:226.3,226.31 1 0
github.com/ShvetsovYura/metrics-collector/internal/handlers/handlers.go:230.65,231.54 1 1
github.com/ShvetsovYura/metrics-collector/internal/handlers/handlers.go:231.54,236.17 4 1
github.com/ShvetsovYura/metrics-collector/internal/handlers/handlers.go:236.17,239.4 2 0
github.com/ShvetsovYura/metrics-collector/internal/handlers/handlers.go:240.3,243.22 3 1
github.com/ShvetsovYura/metrics-collector/internal/handlers/handlers.go:243.22,246.4 2 0
github.com/ShvetsovYura/metrics-collector/internal/handlers/handlers.go:248.3,251.36 3 1
github.com/ShvetsovYura/metrics-collector/internal/handlers/handlers.go:251.36,252.21 1 1
github.com/ShvetsovYura/metrics-collector/internal/handlers/handlers.go:253.30,254.46 1 1
github.com/ShvetsovYura/metrics-collector/internal/handlers/handlers.go:255.32,258.38 2 1
github.com/ShvetsovYura/metrics-collector/internal/handlers/handlers.go:258.38,260.6 1 0
github.com/ShvetsovYura/metrics-collector/internal/handlers/handlers.go:260.11,262.6 1 1
github.com/ShvetsovYura/metrics-collector/internal/handlers/handlers.go:266.3,269.31 3 1
github.com/ShvetsovYura/metrics-collector/internal/handlers/routes.go:34.53,61.2 17 1
github.com/ShvetsovYura/metrics-collector/internal/logger/http_logger.go:11.22,19.2 1 1
github.com/ShvetsovYura/metrics-collector/internal/logger/logger.go:7.37,10.16 2 0
github.com/ShvetsovYura/metrics-collector/internal/logger/logger.go:10.16,12.3 1 0
github.com/ShvetsovYura/metrics-collector/internal/logger/logger.go:14.2,17.16 4 0
github.com/ShvetsovYura/metrics-collector/internal/logger/logger.go:17.16,19.3 1 0
github.com/ShvetsovYura/metrics-collector/internal/logger/logger.go:20.2,21.12 2 0
github.com/ShvetsovYura/metrics-collector/internal/middlewares/compress_reader.go:15.66,17.16 2 0
github.com/ShvetsovYura/metrics-collector/internal/middlewares/compress_reader.go:17.16,19.3 1 0
github.com/ShvetsovYura/metrics-collector/internal/middlewares/compress_reader.go:21.2,24.8 1 0
github.com/ShvetsovYura/metrics-collector/internal/middlewares/compress_reader.go:27.60,29.2 1 0
github.com/ShvetsovYura/metrics-collector/internal/middlewares/compress_reader.go:31.40,32.36 1 0
github.com/ShvetsovYura/metrics-collector/internal/middlewares/compress_reader.go:32.36,34.3 1 0
github.com/ShvetsovYura/metrics-collector/internal/middlewares/compress_reader.go:35.2,35.21 1 0
github.com/ShvetsovYura/metrics-collector/internal/middlewares/compress_reader.go:38.55,39.71 1 1
github.com/ShvetsovYura/metrics-collector/internal/middlewares/compress_reader.go:39.71,43.16 3 1
github.com/ShvetsovYura/metrics-collector/internal/middlewares/compress_reader.go:43.16,45.18 2 0
github.com/ShvetsovYura/metrics-collector/internal/middlewares/compress_reader.go:45.18,48.5 2 0
github.com/ShvetsovYura/metrics-collector/internal/middlewares/compress_reader.go:49.4,50.20 2 0
github.com/ShvetsovYura/metrics-collector/internal/middlewares/compress_reader.go:53.3,53.23 1 1
github.com/ShvetsovYura/metrics-collector/internal/middlewares/hash_checker.go:13.78,14.46 1 1
github.com/ShvetsovYura/metrics-collector/internal/middlewares/hash_checker.go:14.46,15.54 1 1
github.com/ShvetsovYura/metrics-collector/internal/middlewares/hash_checker.go:15.54,17.18 2 1
github.com/ShvetsovYura/metrics-collector/internal/middlewares/hash_checker.go:17.18,20.5 2 0
github.com/ShvetsovYura/metrics-collector/internal/middlewares/hash_checker.go:21.4,22.37 2 1
github.com/ShvetsovYura/metrics-collector/internal/middlewares/hash_checker.go:22.37,24.27 2 0
github.com/ShvetsovYura/metrics-collector/internal/middlewares/hash_checker.go:24.27,28.6 3 0
github.com/ShvetsovYura/metrics-collector/internal/middlewares/hash_checker.go:30.4,31.24 2 1
github.com/ShvetsovYura/metrics-collector/internal/middlewares/hash_checker.go:33.3,33.30 1 1
github.com/ShvetsovYura/metrics-collector/internal/middlewares/hash_checker.go:43.51,46.2 2 0
github.com/ShvetsovYura/metrics-collector/internal/middlewares/hash_checker.go:47.37,48.40 1 0
github.com/ShvetsovYura/metrics-collector/internal/middlewares/hash_checker.go:48.40,50.3 1 0
github.com/ShvetsovYura/metrics-collector/internal/middlewares/hash_checker.go:51.2,51.79 1 0
github.com/ShvetsovYura/metrics-collector/internal/middlewares/hash_checker.go:54.72,55.46 1 1
github.com/ShvetsovYura/metrics-collector/internal/middlewares/hash_checker.go:55.46,56.72 1 1
github.com/ShvetsovYura/metrics-collector/internal/middlewares/hash_checker.go:56.72,58.17 2 1
github.com/ShvetsovYura/metrics-collector/internal/middlewares/hash_checker.go:58.17,68.5 3 0
github.com/ShvetsovYura/metrics-collector/internal/middlewares/hash_checker.go:69.4,69.25 1 1
github.com/ShvetsovYura/metrics-collector/internal/server/options.go:19.37,28.2 7 0
github.com/ShvetsovYura/metrics-collector/internal/server/options.go:30.43,31.37 1 0
github.com/ShvetsovYura/metrics-collector/internal/server/options.go:31.37,33.3 1 0
github.com/ShvetsovYura/metrics-collector/internal/server/options.go:34.2,34.12 1 0
github.com/ShvetsovYura/metrics-collector/internal/server/server.go:28.62,33.21 4 0
github.com/ShvetsovYura/metrics-collector/internal/server/server.go:33.21,35.32 2 0
github.com/ShvetsovYura/metrics-collector/internal/server/server.go:35.32,38.4 2 0
github.com/ShvetsovYura/metrics-collector/internal/server/server.go:38.9,42.4 3 0
github.com/ShvetsovYura/metrics-collector/internal/server/server.go:43.8,45.17 2 0
github.com/ShvetsovYura/metrics-collector/internal/server/server.go:45.17,47.4 1 0
github.com/ShvetsovYura/metrics-collector/internal/server/server.go:48.3,49.19 2 0
github.com/ShvetsovYura/metrics-collector/internal/server/server.go:51.2,60.3 1 0
github.com/ShvetsovYura/metrics-collector/internal/server/server.go:63.49,71.12 5 0
github.com/ShvetsovYura/metrics-collector/internal/server/server.go:71.12,74.7 2 0
github.com/ShvetsovYura/metrics-collector/internal/server/server.go:74.7,75.11 1 0
github.com/ShvetsovYura/metrics-collector/internal/server/server.go:76.22,84.19 5 0
github.com/ShvetsovYura/metrics-collector/internal/server/server.go:84.19,86.6 1 0
github.com/ShvetsovYura/metrics-collector/internal/server/server.go:87.5,87.11 1 0
github.com/ShvetsovYura/metrics-collector/internal/server/server.go:88.20,89.21 1 0
github.com/ShvetsovYura/metrics-collector/internal/server/server.go:93.2,95.12 3 0
github.com/ShvetsovYura/metrics-collector/internal/storage/db/db.go:17.74,19.16 2 0
github.com/ShvetsovYura/metrics-collector/internal/storage/db/db.go:19.16,22.3 2 0
github.com/ShvetsovYura/metrics-collector/internal/storage/db/db.go:23.2,24.22 2 0
github.com/ShvetsovYura/metrics-collector/internal/storage/db/db.go:24.22,26.3 1 0
github.com/ShvetsovYura/metrics-collector/internal/storage/db/db.go:28.2,28.38 1 0
github.com/ShvetsovYura/metrics-collector/internal/storage/db/db.go:31.76,53.2 2 0
github.com/ShvetsovYura/metrics-collector/internal/storage/db/db.go:55.84,62.16 2 0
github.com/ShvetsovYura/metrics-collector/internal/storage/db/db.go:62.16,64.3 1 0
github.com/ShvetsovYura/metrics-collector/internal/storage/db/db.go:65.2,66.12 2 0
github.com/ShvetsovYura/metrics-collector/internal/storage/db/db.go:69.84,78.2 3 0
github.com/ShvetsovYura/metrics-collector/internal/storage/db/db.go:80.90,86.16 6 0
github.com/ShvetsovYura/metrics-collector/internal/storage/db/db.go:86.16,88.3 1 0
github.com/ShvetsovYura/metrics-collector/internal/storage/db/db.go:89.2,89.35 1 0
github.com/ShvetsovYura/metrics-collector/internal/storage/db/db.go:92.86,98.16 6 0
github.com/ShvetsovYura/metrics-collector/internal/storage/db/db.go:98.16,100.3 1 0
github.com/ShvetsovYura/metrics-collector/internal/storage/db/db.go:101.2,101.33 1 0
github.com/ShvetsovYura/metrics-collector/internal/storage/db/db.go:104.84,106.16 2 0
github.com/ShvetsovYura/metrics-collector/internal/storage/db/db.go:106.16,108.3 1 0
github.com/ShvetsovYura/metrics-collector/internal/storage/db/db.go:109.2,110.16 2 0
github.com/ShvetsovYura/metrics-collector/internal/storage/db/db.go:110.16,112.3 1 0
github.com/ShvetsovYura/metrics-collector/internal/storage/db/db.go:113.2,115.18 2 0
github.com/ShvetsovYura/metrics-collector/internal/storage/db/db.go:115.18,120.17 4 0
github.com/ShvetsovYura/metrics-collector/internal/storage/db/db.go:120.17,122.4 1 0
github.com/ShvetsovYura/metrics-collector/internal/storage/db/db.go:124.3,124.37 1 0
github.com/ShvetsovYura/metrics-collector/internal/storage/db/db.go:126.2,126.20 1 0
github.com/ShvetsovYura/metrics-collector/internal/storage/db/db.go:129.88,131.16 2 0
github.com/ShvetsovYura/metrics-collector/internal/storage/db/db.go:131.16,133.3 1 0
github.com/ShvetsovYura/metrics-collector/internal/storage/db/db.go:134.2,135.16 2 0
github.com/ShvetsovYura/metrics-collector/internal/storage/db/db.go:135.16,137.3 1 0
github.com/ShvetsovYura/metrics-collector/internal/storage/db/db.go:138.2,140.18 2 0
github.com/ShvetsovYura/metrics-collector/internal/storage/db/db.go:140.18,145.17 4 0
github.com/ShvetsovYura/metrics-collector/internal/storage/db/db.go:145.17,147.4 1 0
github.com/ShvetsovYura/metrics-collector/internal/storage/db/db.go:149.3,149.41 1 0
github.com/ShvetsovYura/metrics-collector/internal/storage/db/db.go:152.2,152.22 1 0
github.com/ShvetsovYura/metrics-collector/internal/storage/db/db.go:155.66,158.16 3 0
github.com/ShvetsovYura/metrics-collector/internal/storage/db/db.go:158.16,160.3 1 0
github.com/ShvetsovYura/metrics-collector/internal/storage/db/db.go:161.2,161.22 1 0
github.com/ShvetsovYura/metrics-collector/internal/storage/db/db.go:161.22,163.3 1 0
github.com/ShvetsovYura/metrics-collector/internal/storage/db/db.go:164.2,165.16 2 0
github.com/ShvetsovYura/metrics-collector/internal/storage/db/db.go:165.16,167.3 1 0
github.com/ShvetsovYura/metrics-collector/internal/storage/db/db.go:168.2,168.22 1 0
github.com/ShvetsovYura/metrics-collector/internal/storage/db/db.go:168.22,170.3 1 0
github.com/ShvetsovYura/metrics-collector/internal/storage/db/db.go:171.2,171.18 1 0
github.com/ShvetsovYura/metrics-collector/internal/storage/db/db.go:174.52,176.16 2 0
github.com/ShvetsovYura/metrics-collector/internal/storage/db/db.go:176.16,178.3 1 0
github.com/ShvetsovYura/metrics-collector/internal/storage/db/db.go:179.2,179.12 1 0
github.com/ShvetsovYura/metrics-collector/internal/storage/db/db.go:182.95,186.27 4 0
github.com/ShvetsovYura/metrics-collector/internal/storage/db/db.go:186.27,192.3 2 0
github.com/ShvetsovYura/metrics-collector/internal/storage/db/db.go:193.2,196.16 4 0
github.com/ShvetsovYura/metrics-collector/internal/storage/db/db.go:196.16,198.3 1 0
github.com/ShvetsovYura/metrics-collector/internal/storage/db/db.go:199.2,199.12 1 0
github.com/ShvetsovYura/metrics-collector/internal/storage/db/db.go:202.101,210.16 4 0
github.com/ShvetsovYura/metrics-collector/internal/storage/db/db.go:210.16,212.3 1 0
github.com/ShvetsovYura/metrics-collector/internal/storage/db/db.go:213.2,214.29 2 0
github.com/ShvetsovYura/metrics-collector/internal/storage/db/db.go:214.29,216.17 2 0
github.com/ShvetsovYura/metrics-collector/internal/storage/db/db.go:216.17,218.4 1 0
github.com/ShvetsovYura/metrics-collector/internal/storage/db/db.go:219.3,220.17 2 0
github.com/ShvetsovYura/metrics-collector/internal/storage/db/db.go:220.17,222.4 1 0
github.com/ShvetsovYura/metrics-collector/internal/storage/db/db.go:224.2,224.23 1 0
github.com/ShvetsovYura/metrics-collector/internal/storage/db/db.go:227.33,229.2 1 0
github.com/ShvetsovYura/metrics-collector/internal/storage/db/db.go:231.55,233.2 1 0
github.com/ShvetsovYura/metrics-collector/internal/storage/file/file.go:38.110,41.24 2 1
github.com/ShvetsovYura/metrics-collector/internal/storage/file/file.go:41.24,43.3 1 1
github.com/ShvetsovYura/metrics-collector/internal/storage/file/file.go:44.2,50.13 2 1
github.com/ShvetsovYura/metrics-collector/internal/storage/file/file.go:50.13,52.3 1 1
github.com/ShvetsovYura/metrics-collector/internal/storage/file/file.go:53.2,53.10 1 1
github.com/ShvetsovYura/metrics-collector/internal/storage/file/file.go:56.89,58.2 1 1
github.com/ShvetsovYura/metrics-collector/internal/storage/file/file.go:60.88,61.65 1 1
github.com/ShvetsovYura/metrics-collector/internal/storage/file/file.go:61.65,63.3 1 0
github.com/ShvetsovYura/metrics-collector/internal/storage/file/file.go:64.2,65.12 2 1
github.com/ShvetsovYura/metrics-collector/internal/storage/file/file.go:68.88,69.67 1 1
github.com/ShvetsovYura/metrics-collector/internal/storage/file/file.go:69.67,71.3 1 0
github.com/ShvetsovYura/metrics-collector/internal/storage/file/file.go:72.2,73.12 2 1
github.com/ShvetsovYura/metrics-collector/internal/storage/file/file.go:76.93,78.2 1 1
github.com/ShvetsovYura/metrics-collector/internal/storage/file/file.go:80.70,82.2 1 1
github.com/ShvetsovYura/metrics-collector/internal/storage/file/file.go:84.89,86.16 2 1
github.com/ShvetsovYura/metrics-collector/internal/storage/file/file.go:86.16,88.3 1 0
github.com/ShvetsovYura/metrics-collector/internal/storage/file/file.go:89.2,94.16 4 1
github.com/ShvetsovYura/metrics-collector/internal/storage/file/file.go:94.16,96.3 1 0
github.com/ShvetsovYura/metrics-collector/internal/storage/file/file.go:98.2,99.12 2 1
github.com/ShvetsovYura/metrics-collector/internal/storage/file/file.go:102.83,106.16 3 1
github.com/ShvetsovYura/metrics-collector/internal/storage/file/file.go:106.16,108.3 1 0
github.com/ShvetsovYura/metrics-collector/internal/storage/file/file.go:110.2,111.17 2 1
github.com/ShvetsovYura/metrics-collector/internal/storage/file/file.go:111.17,113.3 1 0
github.com/ShvetsovYura/metrics-collector/internal/storage/file/file.go:115.2,118.17 3 1
github.com/ShvetsovYura/metrics-collector/internal/storage/file/file.go:118.17,120.3 1 1
github.com/ShvetsovYura/metrics-collector/internal/storage/file/file.go:121.2,122.36 2 0
github.com/ShvetsovYura/metrics-collector/internal/storage/file/file.go:126.34,127.20 1 1
github.com/ShvetsovYura/metrics-collector/internal/storage/file/file.go:127.20,129.3 1 1
github.com/ShvetsovYura/metrics-collector/internal/storage/file/file.go:132.78,135.27 3 1
github.com/ShvetsovYura/metrics-collector/internal/storage/file/file.go:135.27,137.3 1 1
github.com/ShvetsovYura/metrics-collector/internal/storage/file/file.go:138.2,138.10 1 1
github.com/ShvetsovYura/metrics-collector/internal/storage/file/file.go:141.78,144.29 3 1
github.com/ShvetsovYura/metrics-collector/internal/storage/file/file.go:144.29,146.3 1 1
github.com/ShvetsovYura/metrics-collector/internal/storage/file/file.go:147.2,147.10 1 1
github.com/ShvetsovYura/metrics-collector/internal/storage/file/file.go:150.37,157.16 6 1
github.com/ShvetsovYura/metrics-collector/internal/storage/file/file.go:157.16,159.3 1 0
github.com/ShvetsovYura/metrics-collector/internal/storage/file/file.go:160.2,161.12 2 1
github.com/ShvetsovYura/metrics-collector/internal/storage/file/file.go:164.59,166.16 2 1
github.com/ShvetsovYura/metrics-collector/internal/storage/file/file.go:166.16,168.3 1 1
github.com/ShvetsovYura/metrics-collector/internal/storage/file/file.go:170.2,173.12 3 0
github.com/ShvetsovYura/metrics-collector/internal/storage/file/file.go:176.56,178.2 1 0
github.com/ShvetsovYura/metrics-collector/internal/storage/file/file.go:180.99,183.2 2 0
github.com/ShvetsovYura/metrics-collector/internal/storage/file/file.go:185.105,188.2 2 0
github.com/ShvetsovYura/metrics-collector/internal/storage/memory/memory.go:22.50,28.2 2 1
github.com/ShvetsovYura/metrics-collector/internal/storage/memory/memory.go:30.84,35.2 4 1
github.com/ShvetsovYura/metrics-collector/internal/storage/memory/memory.go:37.80,38.27 1 0
github.com/ShvetsovYura/metrics-collector/internal/storage/memory/memory.go:38.27,40.3 1 0
github.com/ShvetsovYura/metrics-collector/internal/storage/memory/memory.go:43.82,44.29 1 0
github.com/ShvetsovYura/metrics-collector/internal/storage/memory/memory.go:44.29,46.3 1 0
github.com/ShvetsovYura/metrics-collector/internal/storage/memory/memory.go:49.84,54.2 4 1
github.com/ShvetsovYura/metrics-collector/internal/storage/memory/memory.go:56.87,57.41 1 1
github.com/ShvetsovYura/metrics-collector/internal/storage/memory/memory.go:57.41,59.3 1 1
github.com/ShvetsovYura/metrics-collector/internal/storage/memory/memory.go:59.8,61.3 1 1
github.com/ShvetsovYura/metrics-collector/internal/storage/memory/memory.go:64.91,65.42 1 1
github.com/ShvetsovYura/metrics-collector/internal/storage/memory/memory.go:65.42,67.3 1 1
github.com/ShvetsovYura/metrics-collector/internal/storage/memory/memory.go:67.8,69.3 1 0
github.com/ShvetsovYura/metrics-collector/internal/storage/memory/memory.go:72.77,74.2 1 1
github.com/ShvetsovYura/metrics-collector/internal/storage/memory/memory.go:76.81,78.2 1 1
github.com/ShvetsovYura/metrics-collector/internal/storage/memory/memory.go:80.68,83.35 2 1
github.com/ShvetsovYura/metrics-collector/internal/storage/memory/memory.go:83.35,85.3 1 1
github.com/ShvetsovYura/metrics-collector/internal/storage/memory/memory.go:86.2,86.36 1 1
github.com/ShvetsovYura/metrics-collector/internal/storage/memory/memory.go:86.36,88.3 1 1
github.com/ShvetsovYura/metrics-collector/internal/storage/memory/memory.go:89.2,89.18 1 1
github.com/ShvetsovYura/metrics-collector/internal/storage/memory/memory.go:92.54,94.2 1 0
github.com/ShvetsovYura/metrics-collector/internal/storage/memory/memory.go:96.97,98.2 1 1
github.com/ShvetsovYura/metrics-collector/internal/storage/memory/memory.go:99.102,101.2 1 1
github.com/ShvetsovYura/metrics-collector/internal/storage/memory/memory.go:102.35,104.2 1 0
github.com/ShvetsovYura/metrics-collector/internal/storage/memory/memory.go:105.57,107.2 1 0
github.com/ShvetsovYura/metrics-collector/internal/storage/metric/metric.go:8.34,10.2 1 1
github.com/ShvetsovYura/metrics-collector/internal/storage/metric/metric.go:11.39,14.2 2 1
github.com/ShvetsovYura/metrics-collector/internal/storage/metric/metric.go:16.36,18.2 1 1
github.com/ShvetsovYura/metrics-collector/internal/storage/metric/metric.go:20.39,23.2 2 1
github.com/ShvetsovYura/metrics-collector/internal/util/util.go:8.42,9.24 1 1
github.com/ShvetsovYura/metrics-collector/internal/util/util.go:9.24,10.15 1 1
github.com/ShvetsovYura/metrics-collector/internal/util/util.go:10.15,12.4 1 1
github.com/ShvetsovYura/metrics-collector/internal/util/util.go:14.2,14.14 1 1
github.com/ShvetsovYura/metrics-collector/internal/util/util.go:17.44,22.2 4 0
github.com/ShvetsovYura/metrics-collector/internal/storage/db/db.go:17.74,19.16 2 0
github.com/ShvetsovYura/metrics-collector/internal/storage/db/db.go:19.16,22.3 2 0
github.com/ShvetsovYura/metrics-collector/internal/storage/db/db.go:23.2,24.22 2 0
github.com/ShvetsovYura/metrics-collector/internal/storage/db/db.go:24.22,26.3 1 0
github.com/ShvetsovYura/metrics-collector/internal/storage/db/db.go:28.2,28.38 1 0
github.com/ShvetsovYura/metrics-collector/internal/storage/db/db.go:31.76,53.2 2 0
github.com/ShvetsovYura/metrics-collector/internal/storage/db/db.go:55.84,62.16 2 0
github.com/ShvetsovYura/metrics-collector/internal/storage/db/db.go:62.16,64.3 1 0
github.com/ShvetsovYura/metrics-collector/internal/storage/db/db.go:65.2,66.12 2 0
github.com/ShvetsovYura/metrics-collector/internal/storage/db/db.go:69.84,78.2 3 0
github.com/ShvetsovYura/metrics-collector/internal/storage/db/db.go:80.90,86.16 6 0
github.com/ShvetsovYura/metrics-collector/internal/storage/db/db.go:86.16,88.3 1 0
github.com/ShvetsovYura/metrics-collector/internal/storage/db/db.go:89.2,89.35 1 0
github.com/ShvetsovYura/metrics-collector/internal/storage/db/db.go:92.86,98.16 6 0
github.com/ShvetsovYura/metrics-collector/internal/storage/db/db.go:98.16,100.3 1 0
github.com/ShvetsovYura/metrics-collector/internal/storage/db/db.go:101.2,101.33 1 0
github.com/ShvetsovYura/metrics-collector/internal/storage/db/db.go:104.84,106.16 2 0
github.com/ShvetsovYura/metrics-collector/internal/storage/db/db.go:106.16,108.3 1 0
github.com/ShvetsovYura/metrics-collector/internal/storage/db/db.go:109.2,110.16 2 0
github.com/ShvetsovYura/metrics-collector/internal/storage/db/db.go:110.16,112.3 1 0
github.com/ShvetsovYura/metrics-collector/internal/storage/db/db.go:113.2,115.18 2 0
github.com/ShvetsovYura/metrics-collector/internal/storage/db/db.go:115.18,120.17 4 0
github.com/ShvetsovYura/metrics-collector/internal/storage/db/db.go:120.17,122.4 1 0
github.com/ShvetsovYura/metrics-collector/internal/storage/db/db.go:124.3,124.37 1 0
github.com/ShvetsovYura/metrics-collector/internal/storage/db/db.go:126.2,126.20 1 0
github.com/ShvetsovYura/metrics-collector/internal/storage/db/db.go:129.88,131.16 2 0
github.com/ShvetsovYura/metrics-collector/internal/storage/db/db.go:131.16,133.3 1 0
github.com/ShvetsovYura/metrics-collector/internal/storage/db/db.go:134.2,135.16 2 0
github.com/ShvetsovYura/metrics-collector/internal/storage/db/db.go:135.16,137.3 1 0
github.com/ShvetsovYura/metrics-collector/internal/storage/db/db.go:138.2,140.18 2 0
github.com/ShvetsovYura/metrics-collector/internal/storage/db/db.go:140.18,145.17 4 0
github.com/ShvetsovYura/metrics-collector/internal/storage/db/db.go:145.17,147.4 1 0
github.com/ShvetsovYura/metrics-collector/internal/storage/db/db.go:149.3,149.41 1 0
github.com/ShvetsovYura/metrics-collector/internal/storage/db/db.go:152.2,152.22 1 0
github.com/ShvetsovYura/metrics-collector/internal/storage/db/db.go:155.66,158.16 3 0
github.com/ShvetsovYura/metrics-collector/internal/storage/db/db.go:158.16,160.3 1 0
github.com/ShvetsovYura/metrics-collector/internal/storage/db/db.go:161.2,161.22 1 0
github.com/ShvetsovYura/metrics-collector/internal/storage/db/db.go:161.22,163.3 1 0
github.com/ShvetsovYura/metrics-collector/internal/storage/db/db.go:164.2,165.16 2 0
github.com/ShvetsovYura/metrics-collector/internal/storage/db/db.go:165.16,167.3 1 0
github.com/ShvetsovYura/metrics-collector/internal/storage/db/db.go:168.2,168.22 1 0
github.com/ShvetsovYura/metrics-collector/internal/storage/db/db.go:168.22,170.3 1 0
github.com/ShvetsovYura/metrics-collector/internal/storage/db/db.go:171.2,171.18 1 0
github.com/ShvetsovYura/metrics-collector/internal/storage/db/db.go:174.52,176.16 2 0
github.com/ShvetsovYura/metrics-collector/internal/storage/db/db.go:176.16,178.3 1 0
github.com/ShvetsovYura/metrics-collector/internal/storage/db/db.go:179.2,179.12 1 0
github.com/ShvetsovYura/metrics-collector/internal/storage/db/db.go:182.95,186.27 4 0
github.com/ShvetsovYura/metrics-collector/internal/storage/db/db.go:186.27,192.3 2 0
github.com/ShvetsovYura/metrics-collector/internal/storage/db/db.go:193.2,196.16 4 0
github.com/ShvetsovYura/metrics-collector/internal/storage/db/db.go:196.16,198.3 1 0
github.com/ShvetsovYura/metrics-collector/internal/storage/db/db.go:199.2,199.12 1 0
github.com/ShvetsovYura/metrics-collector/internal/storage/db/db.go:202.101,210.16 4 0
github.com/ShvetsovYura/metrics-collector/internal/storage/db/db.go:210.16,212.3 1 0
github.com/ShvetsovYura/metrics-collector/internal/storage/db/db.go:213.2,214.29 2 0
github.com/ShvetsovYura/metrics-collector/internal/storage/db/db.go:214.29,216.17 2 0
github.com/ShvetsovYura/metrics-collector/internal/storage/db/db.go:216.17,218.4 1 0
github.com/ShvetsovYura/metrics-collector/internal/storage/db/db.go:219.3,220.17 2 0
github.com/ShvetsovYura/metrics-collector/internal/storage/db/db.go:220.17,222.4 1 0
github.com/ShvetsovYura/metrics-collector/internal/storage/db/db.go:224.2,224.23 1 0
github.com/ShvetsovYura/metrics-collector/internal/storage/db/db.go:227.33,229.2 1 0
github.com/ShvetsovYura/metrics-collector/internal/storage/db/db.go:231.55,233.2 1 0
github.com/ShvetsovYura/metrics-collector/cmd/agent/main.go:15.13,19.41 4 0
github.com/ShvetsovYura/metrics-collector/cmd/agent/main.go:19.41,21.3 1 0
github.com/ShvetsovYura/metrics-collector/cmd/agent/main.go:23.2,28.12 5 0
github.com/ShvetsovYura/metrics-collector/cmd/server/main.go:12.13,18.41 4 0
github.com/ShvetsovYura/metrics-collector/cmd/server/main.go:18.41,20.3 1 0
github.com/ShvetsovYura/metrics-collector/cmd/server/main.go:21.2,26.37 6 0
github.com/ShvetsovYura/metrics-collector/cmd/server/main.go:26.37,27.13 1 0
github.com/ShvetsovYura/metrics-collector/internal/agent/agent.go:37.63,42.2 1 0
github.com/ShvetsovYura/metrics-collector/internal/agent/agent.go:44.42,52.2 6 0
github.com/ShvetsovYura/metrics-collector/internal/agent/agent.go:54.73,57.6 3 0
github.com/ShvetsovYura/metrics-collector/internal/agent/agent.go:57.6,58.10 1 0
github.com/ShvetsovYura/metrics-collector/internal/agent/agent.go:59.21,61.10 2 0
github.com/ShvetsovYura/metrics-collector/internal/agent/agent.go:62.26,66.37 4 0
github.com/ShvetsovYura/metrics-collector/internal/agent/agent.go:71.70,76.6 4 0
github.com/ShvetsovYura/metrics-collector/internal/agent/agent.go:76.6,77.10 1 0
github.com/ShvetsovYura/metrics-collector/internal/agent/agent.go:78.21,81.10 3 0
github.com/ShvetsovYura/metrics-collector/internal/agent/agent.go:82.23,85.32 3 0
github.com/ShvetsovYura/metrics-collector/internal/agent/agent.go:85.32,87.5 1 0
github.com/ShvetsovYura/metrics-collector/internal/agent/agent.go:88.4,89.32 2 0
github.com/ShvetsovYura/metrics-collector/internal/agent/agent.go:89.32,90.41 1 0
github.com/ShvetsovYura/metrics-collector/internal/agent/agent.go:90.41,92.6 1 0
github.com/ShvetsovYura/metrics-collector/internal/agent/agent.go:93.10,94.46 1 0
github.com/ShvetsovYura/metrics-collector/internal/agent/agent.go:94.46,96.6 1 0
github.com/ShvetsovYura/metrics-collector/internal/agent/agent.go:98.4,98.31 1 0
github.com/ShvetsovYura/metrics-collector/internal/agent/agent.go:103.55,104.23 1 0
github.com/ShvetsovYura/metrics-collector/internal/agent/agent.go:104.23,107.31 3 0
github.com/ShvetsovYura/metrics-collector/internal/agent/agent.go:107.31,117.4 1 0
github.com/ShvetsovYura/metrics-collector/internal/agent/agent.go:118.3,118.33 1 0
github.com/ShvetsovYura/metrics-collector/internal/agent/agent.go:118.33,124.4 1 0
github.com/ShvetsovYura/metrics-collector/internal/agent/agent.go:126.3,126.60 1 0
github.com/ShvetsovYura/metrics-collector/internal/agent/agent.go:130.61,132.27 2 0
github.com/ShvetsovYura/metrics-collector/internal/agent/agent.go:132.27,134.3 1 0
github.com/ShvetsovYura/metrics-collector/internal/agent/agent.go:136.2,137.46 2 0
github.com/ShvetsovYura/metrics-collector/internal/agent/agent.go:137.46,139.3 1 0
github.com/ShvetsovYura/metrics-collector/internal/agent/agent.go:140.2,146.15 2 0
github.com/ShvetsovYura/metrics-collector/internal/agent/agent.go:148.63,150.2 1 0
github.com/ShvetsovYura/metrics-collector/internal/agent/agent.go:152.78,155.12 2 0
github.com/ShvetsovYura/metrics-collector/internal/agent/agent.go:155.12,187.3 31 0
github.com/ShvetsovYura/metrics-collector/internal/agent/agent.go:188.2,188.14 1 0
github.com/ShvetsovYura/metrics-collector/internal/agent/agent.go:192.88,195.12 2 0
github.com/ShvetsovYura/metrics-collector/internal/agent/agent.go:195.12,202.37 6 0
github.com/ShvetsovYura/metrics-collector/internal/agent/agent.go:202.37,204.4 1 0
github.com/ShvetsovYura/metrics-collector/internal/agent/agent.go:206.2,206.14 1 0
github.com/ShvetsovYura/metrics-collector/internal/agent/agent.go:209.90,213.30 3 0
github.com/ShvetsovYura/metrics-collector/internal/agent/agent.go:213.30,216.13 3 0
github.com/ShvetsovYura/metrics-collector/internal/agent/agent.go:216.13,218.32 2 0
github.com/ShvetsovYura/metrics-collector/internal/agent/agent.go:218.32,219.12 1 0
github.com/ShvetsovYura/metrics-collector/internal/agent/agent.go:220.23,221.12 1 0
github.com/ShvetsovYura/metrics-collector/internal/agent/agent.go:222.27,222.27 0 0
github.com/ShvetsovYura/metrics-collector/internal/agent/agent.go:228.2,228.12 1 0
github.com/ShvetsovYura/metrics-collector/internal/agent/agent.go:228.12,231.3 2 0
github.com/ShvetsovYura/metrics-collector/internal/agent/agent.go:232.2,232.17 1 0
github.com/ShvetsovYura/metrics-collector/internal/agent/options.go:18.36,25.2 6 0
github.com/ShvetsovYura/metrics-collector/internal/agent/options.go:26.42,27.37 1 0
github.com/ShvetsovYura/metrics-collector/internal/agent/options.go:27.37,29.3 1 0
github.com/ShvetsovYura/metrics-collector/internal/agent/options.go:30.2,30.12 1 0
github.com/ShvetsovYura/metrics-collector/internal/agent/utils.go:12.81,15.75 3 0
github.com/ShvetsovYura/metrics-collector/internal/agent/utils.go:15.75,19.17 3 0
github.com/ShvetsovYura/metrics-collector/internal/agent/utils.go:19.17,21.4 1 0
github.com/ShvetsovYura/metrics-collector/internal/agent/utils.go:23.3,23.14 1 0
github.com/ShvetsovYura/metrics-collector/internal/agent/utils.go:25.8,28.3 2 0
github.com/ShvetsovYura/metrics-collector/internal/agent/utils.go:30.2,31.16 2 0
github.com/ShvetsovYura/metrics-collector/internal/agent/utils.go:31.16,33.3 1 0
github.com/ShvetsovYura/metrics-collector/internal/agent/utils.go:35.2,38.15 4 0
github.com/ShvetsovYura/metrics-collector/internal/agent/utils.go:38.15,41.3 2 0
github.com/ShvetsovYura/metrics-collector/internal/agent/utils.go:42.2,44.16 3 0
github.com/ShvetsovYura/metrics-collector/internal/agent/utils.go:44.16,46.3 1 0
github.com/ShvetsovYura/metrics-collector/internal/agent/utils.go:47.2,48.12 2 0
github.com/ShvetsovYura/metrics-collector/internal/handlers/handlers.go:20.60,21.54 1 0
github.com/ShvetsovYura/metrics-collector/internal/handlers/handlers.go:21.54,26.16 5 0
github.com/ShvetsovYura/metrics-collector/internal/handlers/handlers.go:27.29,29.18 2 0
github.com/ShvetsovYura/metrics-collector/internal/handlers/handlers.go:29.18,32.5 2 0
github.com/ShvetsovYura/metrics-collector/internal/handlers/handlers.go:33.4,33.37 1 0
github.com/ShvetsovYura/metrics-collector/internal/handlers/handlers.go:35.31,37.18 2 0
github.com/ShvetsovYura/metrics-collector/internal/handlers/handlers.go:37.18,40.5 2 0
github.com/ShvetsovYura/metrics-collector/internal/handlers/handlers.go:41.4,41.39 1 0
github.com/ShvetsovYura/metrics-collector/internal/handlers/handlers.go:43.11,44.40 1 0
github.com/ShvetsovYura/metrics-collector/internal/handlers/handlers.go:47.3,47.31 1 0
github.com/ShvetsovYura/metrics-collector/internal/handlers/handlers.go:51.62,52.54 1 0
github.com/ShvetsovYura/metrics-collector/internal/handlers/handlers.go:52.54,57.16 4 0
github.com/ShvetsovYura/metrics-collector/internal/handlers/handlers.go:58.29,60.18 2 0
github.com/ShvetsovYura/metrics-collector/internal/handlers/handlers.go:60.18,63.5 2 0
github.com/ShvetsovYura/metrics-collector/internal/handlers/handlers.go:64.4,65.32 2 0
github.com/ShvetsovYura/metrics-collector/internal/handlers/handlers.go:67.31,69.18 2 0
github.com/ShvetsovYura/metrics-collector/internal/handlers/handlers.go:69.18,72.5 2 0
github.com/ShvetsovYura/metrics-collector/internal/handlers/handlers.go:73.4,74.32 2 0
github.com/ShvetsovYura/metrics-collector/internal/handlers/handlers.go:76.11,78.10 2 0
github.com/ShvetsovYura/metrics-collector/internal/handlers/handlers.go:85.62,86.54 1 0
github.com/ShvetsovYura/metrics-collector/internal/handlers/handlers.go:86.54,91.17 4 0
github.com/ShvetsovYura/metrics-collector/internal/handlers/handlers.go:91.17,94.4 2 0
github.com/ShvetsovYura/metrics-collector/internal/handlers/handlers.go:96.3,99.47 3 0
github.com/ShvetsovYura/metrics-collector/internal/handlers/handlers.go:99.47,102.4 2 0
github.com/ShvetsovYura/metrics-collector/internal/handlers/handlers.go:103.3,103.86 1 0
github.com/ShvetsovYura/metrics-collector/internal/handlers/handlers.go:103.86,106.4 2 0
github.com/ShvetsovYura/metrics-collector/internal/handlers/handlers.go:108.3,111.18 3 0
github.com/ShvetsovYura/metrics-collector/internal/handlers/handlers.go:112.29,120.52 4 0
github.com/ShvetsovYura/metrics-collector/internal/handlers/handlers.go:122.31,130.52 4 0
github.com/ShvetsovYura/metrics-collector/internal/handlers/handlers.go:133.3,133.24 1 0
github.com/ShvetsovYura/metrics-collector/internal/handlers/handlers.go:133.24,136.4 2 0
github.com/ShvetsovYura/metrics-collector/internal/handlers/handlers.go:138.3,139.31 2 0
github.com/ShvetsovYura/metrics-collector/internal/handlers/handlers.go:143.70,144.54 1 0
github.com/ShvetsovYura/metrics-collector/internal/handlers/handlers.go:144.54,154.17 8 0
github.com/ShvetsovYura/metrics-collector/internal/handlers/handlers.go:154.17,156.4 1 0
github.com/ShvetsovYura/metrics-collector/internal/handlers/handlers.go:158.3,158.62 1 0
github.com/ShvetsovYura/metrics-collector/internal/handlers/handlers.go:158.62,160.4 1 0
github.com/ShvetsovYura/metrics-collector/internal/handlers/handlers.go:162.3,162.91 1 0
github.com/ShvetsovYura/metrics-collector/internal/handlers/handlers.go:162.91,165.4 2 0
github.com/ShvetsovYura/metrics-collector/internal/handlers/handlers.go:167.3,167.43 1 0
github.com/ShvetsovYura/metrics-collector/internal/handlers/handlers.go:167.43,169.18 2 0
github.com/ShvetsovYura/metrics-collector/internal/handlers/handlers.go:169.18,172.5 2 0
github.com/ShvetsovYura/metrics-collector/internal/handlers/handlers.go:174.4,179.18 2 0
github.com/ShvetsovYura/metrics-collector/internal/handlers/handlers.go:179.18,182.5 2 0
github.com/ShvetsovYura/metrics-collector/internal/handlers/handlers.go:183.4,183.16 1 0
github.com/ShvetsovYura/metrics-collector/internal/handlers/handlers.go:184.9,184.52 1 0
github.com/ShvetsovYura/metrics-collector/internal/handlers/handlers.go:184.52,191.18 3 0
github.com/ShvetsovYura/metrics-collector/internal/handlers/handlers.go:191.18,194.5 2 0
github.com/ShvetsovYura/metrics-collector/internal/handlers/handlers.go:195.4,195.16 1 0
github.com/ShvetsovYura/metrics-collector/internal/handlers/handlers.go:197.3,198.31 2 0
github.com/ShvetsovYura/metrics-collector/internal/handlers/handlers.go:203.70,204.54 1 0
github.com/ShvetsovYura/metrics-collector/internal/handlers/handlers.go:204.54,208.17 4 0
github.com/ShvetsovYura/metrics-collector/internal/handlers/handlers.go:208.17,211.4 2 0
github.com/ShvetsovYura/metrics-collector/internal/handlers/handlers.go:212.3,213.31 2 0
github.com/ShvetsovYura/metrics-collector/internal/handlers/handlers.go:217.54,218.54 1 0
github.com/ShvetsovYura/metrics-collector/internal/handlers/handlers.go:218.54,221.17 3 0
github.com/ShvetsovYura/metrics-collector/internal/handlers/handlers.go:221.17,224.4 2 0
github.com/ShvetsovYura/metrics-collector/internal/handlers/handlers.go:226.3,226.31 1 0
github.com/ShvetsovYura/metrics-collector/internal/handlers/handlers.go:230.65,231.54 1 0
github.com/ShvetsovYura/metrics-collector/internal/handlers/handlers.go:231.54,236.17 4 0
github.com/ShvetsovYura/metrics-collector/internal/handlers/handlers.go:236.17,239.4 2 0
github.com/ShvetsovYura/metrics-collector/internal/handlers/handlers.go:240.3,243.22 3 0
github.com/ShvetsovYura/metrics-collector/internal/handlers/handlers.go:243.22,246.4 2 0
[...]
github.com/ShvetsovYura/metrics-collector/internal/handlers/handlers.go:167.43,169.18 2 0
github.com/ShvetsovYura/metrics-collector/internal/handlers/handlers.go:169.18,172.5 2 0
github.com/ShvetsovYura/metrics-collector/internal/handlers/handlers.go:174.4,179.18 2 0
github.com/ShvetsovYura/metrics-collector/internal/handlers/handlers.go:179.18,182.5 2 0
github.com/ShvetsovYura/metrics-collector/internal/handlers/handlers.go:183.4,183.16 1 0
github.com/ShvetsovYura/metrics-collector/internal/handlers/handlers.go:184.9,184.52 1 0
github.com/ShvetsovYura/metrics-collector/internal/handlers/handlers.go:184.52,191.18 3 0
github.com/ShvetsovYura/metrics-collector/internal/handlers/handlers.go:191.18,194.5 2 0
github.com/ShvetsovYura/metrics-collector/internal/handlers/handlers.go:195.4,195.16 1 0
github.com/ShvetsovYura/metrics-collector/internal/handlers/handlers.go:197.3,198.31 2 0
github.com/ShvetsovYura/metrics-collector/internal/handlers/handlers.go:203.70,204.54 1 0
github.com/ShvetsovYura/metrics-collector/internal/handlers/handlers.go:204.54,208.17 4 0
github.com/ShvetsovYura/metrics-collector/internal/handlers/handlers.go:208.17,211.4 2 0
github.com/ShvetsovYura/metrics-collector/internal/handlers/handlers.go:212.3,213.31 2 0
github.com/ShvetsovYura/metrics-collector/internal/handlers/handlers.go:217.54,218.54 1 0
github.com/ShvetsovYura/metrics-collector/internal/handlers/handlers.go:218.54,221.17 3 0
github.com/ShvetsovYura/metrics-collector/internal/handlers/handlers.go:221.17,224.4 2 0
github.com/ShvetsovYura/metrics-collector/internal/handlers/handlers.go:226.3,226.31 1 0
github.com/ShvetsovYura/metrics-collector/internal/handlers/handlers.go:230.65,231.54 1 0
github.com/ShvetsovYura/metrics-collector/internal/handlers/handlers.go:231.54,236.17 4 0
github.com/ShvetsovYura/metrics-collector/internal/handlers/handlers.go:236.17,239.4 2 0
github.com/ShvetsovYura/metrics-collector/internal/handlers/handlers.go:240.3,243.22 3 0
github.com/ShvetsovYura/metrics-collector/internal/handlers/handlers.go:243.22,246.4 2 0
github.com/ShvetsovYura/metrics-collector/internal/handlers/handlers.go:248.3,251.36 3 0
github.com/ShvetsovYura/metrics-collector/internal/handlers/handlers.go:251.36,252.21 1 0
github.com/ShvetsovYura/metrics-collector/internal/handlers/handlers.go:253.30,254.46 1 0
github.com/ShvetsovYura/metrics-collector/internal/handlers/handlers.go:255.32,258.38 2 0
github.com/ShvetsovYura/metrics-collector/internal/handlers/handlers.go:258.38,260.6 1 0
github.com/ShvetsovYura/metrics-collector/internal/handlers/handlers.go:260.11,262.6 1 0
github.com/ShvetsovYura/metrics-collector/internal/handlers/handlers.go:266.3,269.31 3 0
github.com/ShvetsovYura/metrics-collector/internal/handlers/routes.go:34.53,61.2 17 0
github.com/ShvetsovYura/metrics-collector/internal/logger/http_logger.go:11.22,19.2 1 0
github.com/ShvetsovYura/metrics-collector/internal/logger/logger.go:7.37,10.16 2 0
github.com/ShvetsovYura/metrics-collector/internal/logger/logger.go:10.16,12.3 1 0
github.com/ShvetsovYura/metrics-collector/internal/logger/logger.go:14.2,17.16 4 0
github.com/ShvetsovYura/metrics-collector/internal/logger/logger.go:17.16,19.3 1 0
github.com/ShvetsovYura/metrics-collector/internal/logger/logger.go:20.2,21.12 2 0
github.com/ShvetsovYura/metrics-collector/internal/middlewares/compress_reader.go:15.66,17.16 2 0
github.com/ShvetsovYura/metrics-collector/internal/middlewares/compress_reader.go:17.16,19.3 1 0
github.com/ShvetsovYura/metrics-collector/internal/middlewares/compress_reader.go:21.2,24.8 1 0
github.com/ShvetsovYura/metrics-collector/internal/middlewares/compress_reader.go:27.60,29.2 1 0
github.com/ShvetsovYura/metrics-collector/internal/middlewares/compress_reader.go:31.40,32.36 1 0
github.com/ShvetsovYura/metrics-collector/internal/middlewares/compress_reader.go:32.36,34.3 1 0
github.com/ShvetsovYura/metrics-collector/internal/middlewares/compress_reader.go:35.2,35.21 1 0
github.com/ShvetsovYura/metrics-collector/internal/middlewares/compress_reader.go:38.55,39.71 1 0
github.com/ShvetsovYura/metrics-collector/internal/middlewares/compress_reader.go:39.71,43.16 3 0
github.com/ShvetsovYura/metrics-collector/internal/middlewares/compress_reader.go:43.16,45.18 2 0
github.com/ShvetsovYura/metrics-collector/internal/middlewares/compress_reader.go:45.18,48.5 2 0
github.com/ShvetsovYura/metrics-collector/internal/middlewares/compress_reader.go:49.4,50.20 2 0
github.com/ShvetsovYura/metrics-collector/internal/middlewares/compress_reader.go:53.3,53.23 1 0
github.com/ShvetsovYura/metrics-collector/internal/middlewares/hash_checker.go:13.78,14.46 1 0
github.com/ShvetsovYura/metrics-collector/internal/middlewares/hash_checker.go:14.46,15.54 1 0
github.com/ShvetsovYura/metrics-collector/internal/middlewares/hash_checker.go:15.54,17.18 2 0
github.com/ShvetsovYura/metrics-collector/internal/middlewares/hash_checker.go:17.18,20.5 2 0
github.com/ShvetsovYura/metrics-collector/internal/middlewares/hash_checker.go:21.4,22.37 2 0
github.com/ShvetsovYura/metrics-collector/internal/middlewares/hash_checker.go:22.37,24.27 2 0
github.com/ShvetsovYura/metrics-collector/internal/middlewares/hash_checker.go:24.27,28.6 3 0
github.com/ShvetsovYura/metrics-collector/internal/middlewares/hash_checker.go:30.4,31.24 2 0
github.com/ShvetsovYura/metrics-collector/internal/middlewares/hash_checker.go:33.3,33.30 1 0
github.com/ShvetsovYura/metrics-collector/internal/middlewares/hash_checker.go:43.51,46.2 2 0
github.com/ShvetsovYura/metrics-collector/internal/middlewares/hash_checker.go:47.37,48.40 1 0
github.com/ShvetsovYura/metrics-collector/internal/middlewares/hash_checker.go:48.40,50.3 1 0
github.com/ShvetsovYura/metrics-collector/internal/middlewares/hash_checker.go:51.2,51.79 1 0
github.com/ShvetsovYura/metrics-collector/internal/middlewares/hash_checker.go:54.72,55.46 1 0
github.com/ShvetsovYura/metrics-collector/internal/middlewares/hash_checker.go:55.46,56.72 1 0
github.com/ShvetsovYura/metrics-collector/internal/middlewares/hash_checker.go:56.72,58.17 2 0
github.com/ShvetsovYura/metrics-collector/internal/middlewares/hash_checker.go:58.17,68.5 3 0
github.com/ShvetsovYura/metrics-collector/internal/middlewares/hash_checker.go:69.4,69.25 1 0
github.com/ShvetsovYura/metrics-collector/internal/server/options.go:19.37,28.2 7 0
github.com/ShvetsovYura/metrics-collector/internal/server/options.go:30.43,31.37 1 0
github.com/ShvetsovYura/metrics-collector/internal/server/options.go:31.37,33.3 1 0
github.com/ShvetsovYura/metrics-collector/internal/server/options.go:34.2,34.12 1 0
github.com/ShvetsovYura/metrics-collector/internal/server/server.go:28.62,33.21 4 0
github.com/ShvetsovYura/metrics-collector/internal/server/server.go:33.21,35.32 2 0
github.com/ShvetsovYura/metrics-collector/internal/server/server.go:35.32,38.4 2 0
github.com/ShvetsovYura/metrics-collector/internal/server/server.go:38.9,42.4 3 0
github.com/ShvetsovYura/metrics-collector/internal/server/server.go:43.8,45.17 2 0
github.com/ShvetsovYura/metrics-collector/internal/server/server.go:45.17,47.4 1 0
github.com/ShvetsovYura/metrics-collector/internal/server/server.go:48.3,49.19 2 0
github.com/ShvetsovYura/metrics-collector/internal/server/server.go:51.2,60.3 1 0
github.com/ShvetsovYura/metrics-collector/internal/server/server.go:63.49,71.12 5 0
github.com/ShvetsovYura/metrics-collector/internal/server/server.go:71.12,74.7 2 0
github.com/ShvetsovYura/metrics-collector/internal/server/server.go:74.7,75.11 1 0
github.com/ShvetsovYura/metrics-collector/internal/server/server.go:76.22,84.19 5 0
github.com/ShvetsovYura/metrics-collector/internal/server/server.go:84.19,86.6 1 0
github.com/ShvetsovYura/metrics-collector/internal/server/server.go:87.5,87.11 1 0
github.com/ShvetsovYura/metrics-collector/internal/server/server.go:88.20,89.21 1 0
github.com/ShvetsovYura/metrics-collector/internal/server/server.go:93.2,95.12 3 0
github.com/ShvetsovYura/metrics-collector/internal/storage/db/db.go:17.74,19.16 2 0
github.com/ShvetsovYura/metrics-collector/internal/storage/db/db.go:19.16,22.3 2 0
github.com/ShvetsovYura/metrics-collector/internal/storage/db/db.go:23.2,24.22 2 0
github.com/ShvetsovYura/metrics-collector/internal/storage/db/db.go:24.22,26.3 1 0
github.com/ShvetsovYura/metrics-collector/internal/storage/db/db.go:28.2,28.38 1 0
github.com/ShvetsovYura/metrics-collector/internal/storage/db/db.go:31.76,53.2 2 0
github.com/ShvetsovYura/metrics-collector/internal/storage/db/db.go:55.84,62.16 2 0
github.com/ShvetsovYura/metrics-collector/internal/storage/db/db.go:62.16,64.3 1 0
github.com/ShvetsovYura/metrics-collector/internal/storage/db/db.go:65.2,66.12 2 0
github.com/ShvetsovYura/metrics-collector/internal/storage/db/db.go:69.84,78.2 3 0
github.com/ShvetsovYura/metrics-collector/internal/storage/db/db.go:80.90,86.16 6 0
github.com/ShvetsovYura/metrics-collector/internal/storage/db/db.go:86.16,88.3 1 0
github.com/ShvetsovYura/metrics-collector/internal/storage/db/db.go:89.2,89.35 1 0
github.com/ShvetsovYura/metrics-collector/internal/storage/db/db.go:92.86,98.16 6 0
github.com/ShvetsovYura/metrics-collector/internal/storage/db/db.go:98.16,100.3 1 0
github.com/ShvetsovYura/metrics-collector/internal/storage/db/db.go:101.2,101.33 1 0
github.com/ShvetsovYura/metrics-collector/internal/storage/db/db.go:104.84,106.16 2 0
github.com/ShvetsovYura/metrics-collector/internal/storage/db/db.go:106.16,108.3 1 0
github.com/ShvetsovYura/metrics-collector/internal/storage/db/db.go:109.2,110.16 2 0
github.com/ShvetsovYura/metrics-collector/internal/storage/db/db.go:110.16,112.3 1 0
github.com/ShvetsovYura/metrics-collector/internal/storage/db/db.go:113.2,115.18 2 0
github.com/ShvetsovYura/metrics-collector/internal/storage/db/db.go:115.18,120.17 4 0
github.com/ShvetsovYura/metrics-collector/internal/storage/db/db.go:120.17,122.4 1 0
github.com/ShvetsovYura/metrics-collector/internal/storage/db/db.go:124.3,124.37 1 0
github.com/ShvetsovYura/metrics-collector/internal/storage/db/db.go:126.2,126.20 1 0
github.com/ShvetsovYura/metrics-collector/internal/storage/db/db.go:129.88,131.16 2 0
github.com/ShvetsovYura/metrics-collector/internal/storage/db/db.go:131.16,133.3 1 0
github.com/ShvetsovYura/metrics-collector/internal/storage/db/db.go:134.2,135.16 2 0
github.com/ShvetsovYura/metrics-collector/internal/storage/db/db.go:135.16,137.3 1 0
github.com/ShvetsovYura/metrics-collector/internal/storage/db/db.go:138.2,140.18 2 0
github.com/ShvetsovYura/metrics-collector/internal/storage/db/db.go:140.18,145.17 4 0
github.com/ShvetsovYura/metrics-collector/internal/storage/db/db.go:145.17,147.4 1 0
github.com/ShvetsovYura/metrics-collector/internal/storage/db/db.go:149.3,149.41 1 0
github.com/ShvetsovYura/metrics-collector/internal/storage/db/db.go:152.2,152.22 1 0
github.com/ShvetsovYura/metrics-collector/internal/storage/db/db.go:155.66,158.16 3 0
github.com/ShvetsovYura/metrics-collector/internal/storage/db/db.go:158.16,160.3 1 0
github.com/ShvetsovYura/metrics-collector/internal/storage/db/db.go:161.2,161.22 1 0
github.com/ShvetsovYura/metrics-collector/internal/storage/db/db.go:161.22,163.3 1 0
github.com/ShvetsovYura/metrics-collector/internal/storage/db/db.go:164.2,165.16 2 0
github.com/ShvetsovYura/metrics-collector/internal/storage/db/db.go:165.16,167.3 1 0
github.com/ShvetsovYura/metrics-collector/internal/storage/db/db.go:168.2,168.22 1 0
github.com/ShvetsovYura/metrics-collector/internal/storage/db/db.go:168.22,170.3 1 0
github.com/ShvetsovYura/metrics-collector/internal/storage/db/db.go:171.2,171.18 1 0
github.com/ShvetsovYura/metrics-collector/internal/storage/db/db.go:174.52,176.16 2 0
github.com/ShvetsovYura/metrics-collector/internal/storage/db/db.go:176.16,178.3 1 0
github.com/ShvetsovYura/metrics-collector/internal/storage/db/db.go:179.2,179.12 1 0
github.com/ShvetsovYura/metrics-collector/internal/storage/db/db.go:182.95,186.27 4 0
github.com/ShvetsovYura/metrics-collector/internal/storage/db/db.go:186.27,192.3 2 0
github.com/ShvetsovYura/metrics-collector/internal/storage/db/db.go:193.2,196.16 4 0
github.com/ShvetsovYura/metrics-collector/internal/storage/db/db.go:196.16,198.3 1 0
github.com/ShvetsovYura/metrics-collector/internal/storage/db/db.go:199.2,199.12 1 0
github.com/ShvetsovYura/metrics-collector/internal/storage/db/db.go:202.101,210.16 4 0
github.com/ShvetsovYura/metrics-collector/internal/storage/db/db.go:210.16,212.3 1 0
github.com/ShvetsovYura/metrics-collector/internal/storage/db/db.go:213.2,214.29 2 0
github.com/ShvetsovYura/metrics-collector/internal/storage/db/db.go:214.29,216.17 2 0
github.com/ShvetsovYura/metrics-collector/internal/storage/db/db.go:216.17,218.4 1 0
github.com/ShvetsovYura/metrics-collector/internal/storage/db/db.go:219.3,220.17 2 0
github.com/ShvetsovYura/metrics-collector/internal/storage/db/db.go:220.17,222.4 1 0
github.com/ShvetsovYura/metrics-collector/internal/storage/db/db.go:224.2,224.23 1 0
github.com/ShvetsovYura/metrics-collector/internal/storage/db/db.go:227.33,229.2 1 0
github.com/ShvetsovYura/metrics-collector/internal/storage/db/db.go:231.55,233.2 1 0
github.com/ShvetsovYura/metrics-collector/internal/storage/file/file.go:38.110,41.24 2 0
github.com/ShvetsovYura/metrics-collector/internal/storage/file/file.go:41.24,43.3 1 0
github.com/ShvetsovYura/metrics-collector/internal/storage/file/file.go:44.2,50.13 2 0
github.com/ShvetsovYura/metrics-collector/internal/storage/file/file.go:50.13,52.3 1 0
github.com/ShvetsovYura/metrics-collector/internal/storage/file/file.go:53.2,53.10 1 0
github.com/ShvetsovYura/metrics-collector/internal/storage/file/file.go:56.89,58.2 1 0
github.com/ShvetsovYura/metrics-collector/internal/storage/file/file.go:60.88,61.65 1 0
github.com/ShvetsovYura/metrics-collector/internal/storage/file/file.go:61.65,63.3 1 0
github.com/ShvetsovYura/metrics-collector/internal/storage/file/file.go:64.2,65.12 2 0
github.com/ShvetsovYura/metrics-collector/internal/storage/file/file.go:68.88,69.67 1 0
github.com/ShvetsovYura/metrics-collector/internal/storage/file/file.go:69.67,71.3 1 0
github.com/ShvetsovYura/metrics-collector/internal/storage/file/file.go:72.2,73.12 2 0
github.com/ShvetsovYura/metrics-collector/internal/storage/file/file.go:76.93,78.2 1 0
github.com/ShvetsovYura/metrics-collector/internal/storage/file/file.go:80.70,82.2 1 0
github.com/ShvetsovYura/metrics-collector/internal/storage/file/file.go:84.89,86.16 2 0
github.com/ShvetsovYura/metrics-collector/internal/storage/file/file.go:86.16,88.3 1 0
github.com/ShvetsovYura/metrics-collector/internal/storage/file/file.go:89.2,94.16 4 0
github.com/ShvetsovYura/metrics-collector/internal/storage/file/file.go:94.16,96.3 1 0
github.com/ShvetsovYura/metrics-collector/internal/storage/file/file.go:98.2,99.12 2 0
github.com/ShvetsovYura/metrics-collector/internal/storage/file/file.go:102.83,106.16 3 0
github.com/ShvetsovYura/metrics-collector/internal/storage/file/file.go:106.16,108.3 1 0
github.com/ShvetsovYura/metrics-collector/internal/storage/file/file.go:110.2,111.17 2 0
github.com/ShvetsovYura/metrics-collector/internal/storage/file/file.go:111.17,113.3 1 0
github.com/ShvetsovYura/metrics-collector/internal/storage/file/file.go:115.2,118.17 3 0
github.com/ShvetsovYura/metrics-collector/internal/storage/file/file.go:118.17,120.3 1 0
github.com/ShvetsovYura/metrics-collector/internal/storage/file/file.go:121.2,122.36 2 0
github.com/ShvetsovYura/metrics-collector/internal/storage/file/file.go:126.34,127.20 1 0
github.com/ShvetsovYura/metrics-collector/internal/storage/file/file.go:127.20,129.3 1 0
github.com/ShvetsovYura/metrics-collector/internal/storage/file/file.go:132.78,135.27 3 0
github.com/ShvetsovYura/metrics-collector/internal/storage/file/file.go:135.27,137.3 1 0
github.com/ShvetsovYura/metrics-collector/internal/storage/file/file.go:138.2,138.10 1 0
github.com/ShvetsovYura/metrics-collector/internal/storage/file/file.go:141.78,144.29 3 0
github.com/ShvetsovYura/metrics-collector/internal/storage/file/file.go:144.29,146.3 1 0
github.com/ShvetsovYura/metrics-collector/internal/storage/file/file.go:147.2,147.10 1 0
github.com/ShvetsovYura/metrics-collector/internal/storage/file/file.go:150.37,157.16 6 0
github.com/ShvetsovYura/metrics-collector/internal/storage/file/file.go:157.16,159.3 1 0
github.com/ShvetsovYura/metrics-collector/internal/storage/file/file.go:160.2,161.12 2 0
github.com/ShvetsovYura/metrics-collector/internal/storage/file/file.go:164.59,166.16 2 0
github.com/ShvetsovYura/metrics-collector/internal/storage/file/file.go:166.16,168.3 1 0
github.com/ShvetsovYura/metrics-collector/internal/storage/file/file.go:170.2,173.12 3 0
github.com/ShvetsovYura/metrics-collector/internal/storage/file/file.go:176.56,178.2 1 0
github.com/ShvetsovYura/metrics-collector/internal/storage/file/file.go:180.99,183.2 2 0
github.com/ShvetsovYura/metrics-collector/internal/storage/file/file.go:185.105,188.2 2 0
github.com/ShvetsovYura/metrics-collector/internal/storage/memory/memory.go:22.50,28.2 2 0
github.com/ShvetsovYura/metrics-collector/internal/storage/memory/memory.go:30.84,35.2 4 0
github.com/ShvetsovYura/metrics-collector/internal/storage/memory/memory.go:37.80,38.27 1 0
github.com/ShvetsovYura/metrics-collector/internal/storage/memory/memory.go:38.27,40.3 1 0
github.com/ShvetsovYura/metrics-collector/internal/storage/memory/memory.go:43.82,44.29 1 0
github.com/ShvetsovYura/metrics-collector/internal/storage/memory/memory.go:44.29,46.3 1 0
github.com/ShvetsovYura/metrics-collector/internal/storage/memory/memory.go:49.84,54.2 4 0
github.com/ShvetsovYura/metrics-collector/internal/storage/memory/memory.go:56.87,57.41 1 0
github.com/ShvetsovYura/metrics-collector/internal/storage/memory/memory.go:57.41,59.3 1 0
github.com/ShvetsovYura/metrics-collector/internal/storage/memory/memory.go:59.8,61.3 1 0
github.com/ShvetsovYura/metrics-collector/internal/storage/memory/memory.go:64.91,65.42 1 0
github.com/ShvetsovYura/metrics-collector/internal/storage/memory/memory.go:65.42,67.3 1 0
github.com/ShvetsovYura/metrics-collector/internal/storage/memory/memory.go:67.8,69.3 1 0
github.com/ShvetsovYura/metrics-collector/internal/storage/memory/memory.go:72.77,74.2 1 0
github.com/ShvetsovYura/metrics-collector/internal/storage/memory/memory.go:76.81,78.2 1 0
github.com/ShvetsovYura/metrics-collector/internal/storage/memory/memory.go:80.68,83.35 2 0
github.com/ShvetsovYura/metrics-collector/internal/storage/memory/memory.go:83.35,85.3 1 0
github.com/ShvetsovYura/metrics-collector/internal/storage/memory/memory.go:86.2,86.36 1 0
github.com/ShvetsovYura/metrics-collector/internal/storage/memory/memory.go:86.36,88.3 1 0
github.com/ShvetsovYura/metrics-collector/internal/storage/memory/memory.go:89.2,89.18 1 0
github.com/ShvetsovYura/metrics-collector/internal/storage/memory/memory.go:92.54,94.2 1 0
github.com/ShvetsovYura/metrics-collector/internal/storage/memory/memory.go:96.97,98.2 1 0
github.com/ShvetsovYura/metrics-collector/internal/storage/memory/memory.go:99.102,101.2 1 0
github.com/ShvetsovYura/metrics-collector/internal/storage/memory/memory.go:102.35,104.2 1 0
github.com/ShvetsovYura/metrics-collector/internal/storage/memory/memory.go:105.57,107.2 1 0
github.com/ShvetsovYura/metrics-collector/internal/storage/metric/metric.go:8.34,10.2 1 0
github.com/ShvetsovYura/metrics-collector/internal/storage/metric/metric.go:11.39,14.2 2 0
github.com/ShvetsovYura/metrics-collector/internal/storage/metric/metric.go:16.36,18.2 1 0
github.com/ShvetsovYura/metrics-collector/internal/storage/metric/metric.go:20.39,23.2 2 0
github.com/ShvetsovYura/metrics-collector/internal/util/util.go:8.42,9.24 1 1
github.com/ShvetsovYura/metrics-collector/internal/util/util.go:9.24,10.15 1 1
github.com/ShvetsovYura/metrics-collector/internal/util/util.go:10.15,12.4 1 1
github.com/ShvetsovYura/metrics-collector/internal/util/util.go:14.2,14.14 1 1
github.com/ShvetsovYura/metrics-collector/internal/util/util.go:17.44,22.2 4 1
